TRACE [main] 2018-11-30 15:16:18 (BaseJdbcLogger.java:165) <==    Columns: userName
TRACE [main] 2018-11-30 15:16:18 (BaseJdbcLogger.java:165) <==        Row: chengjingming
TRACE [main] 2018-11-30 15:16:55 (BaseJdbcLogger.java:165) <==    Columns: userName
TRACE [main] 2018-11-30 15:16:55 (BaseJdbcLogger.java:165) <==        Row: chengjingming
TRACE [main] 2018-11-30 16:18:56 (BaseJdbcLogger.java:165) <==    Columns: goodsId, name, price, Stock, date, local
TRACE [main] 2018-11-30 16:18:56 (BaseJdbcLogger.java:165) <==        Row: 1, iphone7, 5600.00, 100, 2017-08-25, Henan, China
TRACE [main] 2018-11-30 16:33:23 (BaseJdbcLogger.java:165) <==    Columns: goodsId, name, price, Stock, date, local
TRACE [main] 2018-11-30 16:33:23 (BaseJdbcLogger.java:165) <==        Row: 2, iphoneX, 7899.00, 100, 2018-09-01, Henan, China
TRACE [main] 2018-11-30 16:33:23 (BaseJdbcLogger.java:165) <==        Row: 3, iphoneMAX, 8999.00, 100, 2018-09-01, Henan, China
TRACE [main] 2018-11-30 16:37:20 (BaseJdbcLogger.java:165) <==    Columns: goodsId, name, price, Stock, date, local
TRACE [main] 2018-11-30 16:37:20 (BaseJdbcLogger.java:165) <==        Row: 2, iphoneX, 7899.00, 100, 2018-09-01, Henan, China
TRACE [main] 2018-11-30 16:37:20 (BaseJdbcLogger.java:165) <==        Row: 3, iphoneMAX, 8999.00, 100, 2018-09-01, Henan, China
TRACE [main] 2018-11-30 17:06:27 (BaseJdbcLogger.java:165) <==    Columns: goodsId, name, price, Stock, date, local
TRACE [main] 2018-11-30 17:06:27 (BaseJdbcLogger.java:165) <==        Row: 2, iphoneX, 7899.00, 100, 2018-09-01, Henan, China
TRACE [main] 2018-11-30 17:20:00 (BaseJdbcLogger.java:165) <==    Columns: goodsId, name, price, Stock, date, local
TRACE [main] 2018-11-30 17:20:00 (BaseJdbcLogger.java:165) <==        Row: 1, iphone7, 5600.00, 100, 2017-08-25, Henan, China
TRACE [main] 2018-11-30 17:20:00 (BaseJdbcLogger.java:165) <==        Row: 2, iphoneX, 7899.00, 100, 2018-09-01, Henan, China
TRACE [main] 2018-11-30 17:20:00 (BaseJdbcLogger.java:165) <==        Row: 3, iphoneMAX, 8999.00, 100, 2018-09-01, Henan, China
TRACE [main] 2018-11-30 23:12:01 (BaseJdbcLogger.java:165) <==    Columns: goodsId, name, price, Stock, date, local
TRACE [main] 2018-11-30 23:12:01 (BaseJdbcLogger.java:165) <==        Row: 1, iphone7, 5600.00, 100, 2017-08-25, Henan, China
TRACE [main] 2018-11-30 23:12:01 (BaseJdbcLogger.java:165) <==        Row: 2, iphoneX, 7899.00, 100, 2018-09-01, Henan, China
TRACE [main] 2018-11-30 23:12:01 (BaseJdbcLogger.java:165) <==        Row: 3, iphoneMAX, 8999.00, 100, 2018-09-01, Henan, China
TRACE [main] 2018-12-01 00:04:27 (BaseJdbcLogger.java:165) <==    Columns: iocationId, iocation, iocationName, iocationPhone, iocationUserId
TRACE [main] 2018-12-01 00:04:27 (BaseJdbcLogger.java:165) <==        Row: 1, 上海不夜城, 周杰伦, 15618816266, 1
TRACE [main] 2018-12-01 00:08:04 (BaseJdbcLogger.java:165) <==    Columns: iocationId, iocation, iocationName, iocationPhone, iocationUserId
TRACE [main] 2018-12-01 00:08:04 (BaseJdbcLogger.java:165) <==        Row: 1, 上海不夜城, 周杰伦, 15618816266, 1
TRACE [main] 2018-12-01 00:09:06 (BaseJdbcLogger.java:165) <==    Columns: iocationId, iocation, iocationName, iocationPhone, iocationUserId
TRACE [main] 2018-12-01 00:09:06 (BaseJdbcLogger.java:165) <==        Row: 1, 上海不夜城, 周杰伦, 15618816266, 1
TRACE [main] 2018-12-01 14:09:44 (BaseJdbcLogger.java:165) <==    Columns: orderId, goodsName, goodsNumber, orderPrice, iocation, orderUserId, dateTime
TRACE [main] 2018-12-01 14:09:44 (BaseJdbcLogger.java:165) <==        Row: 1, iphone7, 1, 5600.00, 昆山名仕大厦, 1, <<Cannot Display>>
TRACE [main] 2018-12-01 14:10:33 (BaseJdbcLogger.java:165) <==    Columns: orderId, goodsName, goodsNumber, orderPrice, iocation, orderUserId, dateTime
TRACE [main] 2018-12-01 14:10:33 (BaseJdbcLogger.java:165) <==        Row: 1, iphone7, 1, 5600.00, 昆山名仕大厦, 1, <<Cannot Display>>
TRACE [main] 2018-12-01 14:12:32 (BaseJdbcLogger.java:165) <==    Columns: orderId, goodsName, goodsNumber, orderPrice, iocation, orderUserId, dateTime
TRACE [main] 2018-12-01 14:12:32 (BaseJdbcLogger.java:165) <==        Row: 1, iphone7, 1, 5600.00, 昆山名仕大厦, 1, <<Cannot Display>>
TRACE [main] 2018-12-01 15:00:43 (BaseJdbcLogger.java:165) <==    Columns: userName
TRACE [main] 2018-12-01 15:00:43 (BaseJdbcLogger.java:165) <==        Row: chengjingming
TRACE [main] 2018-12-01 15:00:43 (BaseJdbcLogger.java:165) <==    Columns: passWord
TRACE [main] 2018-12-01 15:00:43 (BaseJdbcLogger.java:165) <==        Row: 931128
TRACE [main] 2018-12-01 15:01:22 (BaseJdbcLogger.java:165) <==    Columns: userName
TRACE [main] 2018-12-01 15:01:22 (BaseJdbcLogger.java:165) <==        Row: chengjingming
TRACE [main] 2018-12-01 15:01:28 (BaseJdbcLogger.java:165) <==    Columns: userName
TRACE [main] 2018-12-01 15:01:28 (BaseJdbcLogger.java:165) <==        Row: chengjingming
TRACE [main] 2018-12-01 15:01:32 (BaseJdbcLogger.java:165) <==    Columns: userName
TRACE [main] 2018-12-01 15:01:32 (BaseJdbcLogger.java:165) <==        Row: chengjingming
TRACE [main] 2018-12-01 15:02:35 (BaseJdbcLogger.java:165) <==    Columns: userName
TRACE [main] 2018-12-01 15:02:35 (BaseJdbcLogger.java:165) <==        Row: chengjingming
TRACE [main] 2018-12-01 15:02:57 (BaseJdbcLogger.java:165) <==    Columns: userName
TRACE [main] 2018-12-01 15:02:57 (BaseJdbcLogger.java:165) <==        Row: chengjingming
TRACE [main] 2018-12-01 15:02:57 (BaseJdbcLogger.java:165) <==    Columns: passWord
TRACE [main] 2018-12-01 15:02:57 (BaseJdbcLogger.java:165) <==        Row: 931128
TRACE [main] 2018-12-01 15:48:21 (BaseJdbcLogger.java:165) <==    Columns: userName
TRACE [main] 2018-12-01 15:48:21 (BaseJdbcLogger.java:165) <==        Row: chengjingming
TRACE [main] 2018-12-01 15:48:21 (BaseJdbcLogger.java:165) <==        Row: James
TRACE [main] 2018-12-01 15:48:21 (BaseJdbcLogger.java:165) <==        Row: tom
TRACE [main] 2018-12-01 15:53:42 (BaseJdbcLogger.java:165) <==    Columns: userName
TRACE [main] 2018-12-01 15:53:42 (BaseJdbcLogger.java:165) <==        Row: chengjingming
TRACE [main] 2018-12-01 15:53:42 (BaseJdbcLogger.java:165) <==        Row: James
TRACE [main] 2018-12-01 15:53:42 (BaseJdbcLogger.java:165) <==        Row: tom
TRACE [main] 2018-12-01 15:58:30 (BaseJdbcLogger.java:165) <==    Columns: userName
TRACE [main] 2018-12-01 15:58:30 (BaseJdbcLogger.java:165) <==        Row: chengjingming
TRACE [main] 2018-12-01 15:58:30 (BaseJdbcLogger.java:165) <==        Row: James
TRACE [main] 2018-12-01 15:58:30 (BaseJdbcLogger.java:165) <==        Row: tom
TRACE [main] 2018-12-01 16:07:32 (BaseJdbcLogger.java:165) <==    Columns: userName
TRACE [main] 2018-12-01 16:07:32 (BaseJdbcLogger.java:165) <==        Row: chengjingming
TRACE [main] 2018-12-01 16:10:36 (BaseJdbcLogger.java:165) <==    Columns: name
TRACE [main] 2018-12-01 16:10:36 (BaseJdbcLogger.java:165) <==        Row: chengjingming
TRACE [main] 2018-12-01 16:12:42 (BaseJdbcLogger.java:165) <==    Columns: name
TRACE [main] 2018-12-01 16:12:42 (BaseJdbcLogger.java:165) <==        Row: chengjingming
TRACE [main] 2018-12-01 16:12:42 (BaseJdbcLogger.java:165) <==    Columns: passWord
TRACE [main] 2018-12-01 16:12:42 (BaseJdbcLogger.java:165) <==        Row: 931128
TRACE [main] 2018-12-01 16:13:37 (BaseJdbcLogger.java:165) <==    Columns: name
TRACE [main] 2018-12-01 16:13:37 (BaseJdbcLogger.java:165) <==        Row: chengjingming
TRACE [main] 2018-12-01 16:13:37 (BaseJdbcLogger.java:165) <==    Columns: passWord
TRACE [main] 2018-12-01 16:13:37 (BaseJdbcLogger.java:165) <==        Row: 931128
TRACE [main] 2018-12-01 16:15:21 (BaseJdbcLogger.java:165) <==    Columns: name
TRACE [main] 2018-12-01 16:15:21 (BaseJdbcLogger.java:165) <==        Row: chengjingming
TRACE [main] 2018-12-01 16:15:21 (BaseJdbcLogger.java:165) <==    Columns: passWord
TRACE [main] 2018-12-01 16:15:21 (BaseJdbcLogger.java:165) <==        Row: 931128
TRACE [main] 2018-12-01 16:19:25 (BaseJdbcLogger.java:165) <==    Columns: name
TRACE [main] 2018-12-01 16:19:25 (BaseJdbcLogger.java:165) <==        Row: chengjingming
TRACE [main] 2018-12-01 16:19:25 (BaseJdbcLogger.java:165) <==    Columns: passWord
TRACE [main] 2018-12-01 16:19:25 (BaseJdbcLogger.java:165) <==        Row: 123456
TRACE [main] 2018-12-01 16:21:11 (BaseJdbcLogger.java:165) <==    Columns: name
TRACE [main] 2018-12-01 16:21:11 (BaseJdbcLogger.java:165) <==        Row: chengjingming
TRACE [main] 2018-12-01 16:21:11 (BaseJdbcLogger.java:165) <==    Columns: passWord
TRACE [main] 2018-12-01 16:21:11 (BaseJdbcLogger.java:165) <==        Row: 123456
TRACE [main] 2018-12-01 16:22:55 (BaseJdbcLogger.java:165) <==    Columns: name
TRACE [main] 2018-12-01 16:22:55 (BaseJdbcLogger.java:165) <==        Row: chengjingming
TRACE [main] 2018-12-01 16:22:56 (BaseJdbcLogger.java:165) <==    Columns: passWord
TRACE [main] 2018-12-01 16:22:56 (BaseJdbcLogger.java:165) <==        Row: 060241
TRACE [main] 2018-12-01 16:46:01 (BaseJdbcLogger.java:165) <==    Columns: goodsId, name, price, Stock, date, local
TRACE [main] 2018-12-01 16:46:01 (BaseJdbcLogger.java:165) <==        Row: 2, iphoneX, 7899.00, 100, 2018-09-01, Henan, China
TRACE [main] 2018-12-01 16:48:50 (BaseJdbcLogger.java:165) <==    Columns: goodsId, name, price, Stock, date, local
TRACE [main] 2018-12-01 16:48:50 (BaseJdbcLogger.java:165) <==        Row: 1, iphone7, 5600.00, 100, 2017-08-25, Henan, China
TRACE [main] 2018-12-01 16:51:53 (BaseJdbcLogger.java:165) <==    Columns: goodsId, name, price, Stock, date, local
TRACE [main] 2018-12-01 16:51:53 (BaseJdbcLogger.java:165) <==        Row: 1, iphone7, 5600.00, 100, 2017-08-25, Henan, China
TRACE [main] 2018-12-01 16:51:53 (BaseJdbcLogger.java:165) <==        Row: 2, iphoneX, 7899.00, 100, 2018-09-01, Henan, China
TRACE [main] 2018-12-01 16:51:53 (BaseJdbcLogger.java:165) <==        Row: 3, iphoneMAX, 8999.00, 100, 2018-09-01, Henan, China
TRACE [main] 2018-12-01 22:46:33 (BaseJdbcLogger.java:165) <==    Columns: orderId, goodsName, goodsNumber, orderPrice, iocation, orderUserId, dateTime
TRACE [main] 2018-12-01 22:46:33 (BaseJdbcLogger.java:165) <==        Row: 1, iphone7, 1, 5600.00, 昆山名仕大厦, 1, 2018-12-01 14:21:39.0
TRACE [main] 2018-12-01 22:46:33 (BaseJdbcLogger.java:165) <==        Row: 2, iphoneX, 2, 8900.00, 昆山名仕大厦, 1, 2018-12-01 22:42:15.0
TRACE [main] 2018-12-02 00:34:00 (BaseJdbcLogger.java:165) <==    Columns: goodsName, goodsNumber, goodsPrice, orderUserName
TRACE [main] 2018-12-02 00:34:00 (BaseJdbcLogger.java:165) <==        Row: iphone7, 1, 5600.00, chengjingming
TRACE [main] 2018-12-02 00:38:53 (BaseJdbcLogger.java:165) <==    Columns: goodsName, goodsNumber, goodsPrice, orderUserName
TRACE [main] 2018-12-02 00:38:53 (BaseJdbcLogger.java:165) <==        Row: iphone7, 1, 5600.00, chengjingming
TRACE [main] 2018-12-02 02:21:20 (BaseJdbcLogger.java:165) <==    Columns: goodsId, goodsName, goodsPrice, goodsNumber, date, local
TRACE [main] 2018-12-02 02:21:20 (BaseJdbcLogger.java:165) <==        Row: 1, iphone7, 5600.00, 100, 2017-08-25, Henan, China
TRACE [main] 2018-12-02 11:58:13 (BaseJdbcLogger.java:165) <==    Columns: name
TRACE [main] 2018-12-02 11:58:13 (BaseJdbcLogger.java:165) <==        Row: chengjingming
TRACE [main] 2018-12-02 11:58:13 (BaseJdbcLogger.java:165) <==    Columns: passWord
TRACE [main] 2018-12-02 11:58:13 (BaseJdbcLogger.java:165) <==        Row: 123456
TRACE [main] 2018-12-02 14:49:23 (BaseJdbcLogger.java:165) <==    Columns: name
TRACE [main] 2018-12-02 14:49:23 (BaseJdbcLogger.java:165) <==        Row: chengjingming
TRACE [main] 2018-12-02 14:49:24 (BaseJdbcLogger.java:165) <==    Columns: passWord
TRACE [main] 2018-12-02 14:49:24 (BaseJdbcLogger.java:165) <==        Row: 123456
TRACE [main] 2018-12-02 14:49:43 (BaseJdbcLogger.java:165) <==    Columns: goodsName, goodsNumber, goodsPrice, userName
TRACE [main] 2018-12-02 14:49:43 (BaseJdbcLogger.java:165) <==        Row: iphone7, 15, 5600.00, chengjingming
TRACE [main] 2018-12-02 14:49:43 (BaseJdbcLogger.java:165) <==        Row: 屎蛋儿, 2333, 10.00, 南山敬老院
TRACE [main] 2018-12-02 14:49:58 (BaseJdbcLogger.java:165) <==    Columns: goodsName, goodsNumber, goodsPrice, userName
TRACE [main] 2018-12-02 14:49:58 (BaseJdbcLogger.java:165) <==        Row: iphone7, 15, 5600.00, chengjingming
TRACE [main] 2018-12-02 14:49:58 (BaseJdbcLogger.java:165) <==        Row: 屎蛋儿, 2333, 10.00, 南山敬老院
TRACE [main] 2018-12-02 14:50:02 (BaseJdbcLogger.java:165) <==    Columns: goodsName, goodsNumber, goodsPrice, userName
TRACE [main] 2018-12-02 14:50:02 (BaseJdbcLogger.java:165) <==        Row: iphone7, 15, 5600.00, chengjingming
TRACE [main] 2018-12-02 14:50:02 (BaseJdbcLogger.java:165) <==        Row: 屎蛋儿, 2333, 10.00, 南山敬老院
TRACE [main] 2018-12-02 14:56:03 (BaseJdbcLogger.java:165) <==    Columns: name
TRACE [main] 2018-12-02 14:56:03 (BaseJdbcLogger.java:165) <==        Row: chengjingming
TRACE [main] 2018-12-02 14:56:03 (BaseJdbcLogger.java:165) <==    Columns: passWord
TRACE [main] 2018-12-02 14:56:03 (BaseJdbcLogger.java:165) <==        Row: 123456
TRACE [main] 2018-12-02 14:56:10 (BaseJdbcLogger.java:165) <==    Columns: goodsId, goodsName, goodsPrice, goodsNumber, date, local
TRACE [main] 2018-12-02 14:56:10 (BaseJdbcLogger.java:165) <==        Row: 1, iphone7, 5600.00, 100, 2017-08-25, Henan, China
TRACE [main] 2018-12-02 14:56:10 (BaseJdbcLogger.java:165) <==        Row: 2, iphoneX, 7899.00, 100, 2018-09-01, Henan, China
TRACE [main] 2018-12-02 14:56:10 (BaseJdbcLogger.java:165) <==        Row: 3, iphoneMAX, 8999.00, 100, 2018-09-01, Henan, China
TRACE [main] 2018-12-02 14:56:33 (BaseJdbcLogger.java:165) <==    Columns: goodsId, goodsName, goodsPrice, goodsNumber, date, local
TRACE [main] 2018-12-02 14:56:33 (BaseJdbcLogger.java:165) <==        Row: 2, iphoneX, 7899.00, 100, 2018-09-01, Henan, China
TRACE [main] 2018-12-02 15:18:49 (BaseJdbcLogger.java:165) <==    Columns: name
TRACE [main] 2018-12-02 15:18:49 (BaseJdbcLogger.java:165) <==        Row: chengjingming
TRACE [main] 2018-12-02 15:18:50 (BaseJdbcLogger.java:165) <==    Columns: passWord
TRACE [main] 2018-12-02 15:18:50 (BaseJdbcLogger.java:165) <==        Row: 123456
TRACE [main] 2018-12-02 15:19:18 (BaseJdbcLogger.java:165) <==    Columns: goodsName, goodsNumber, goodsPrice, userName
TRACE [main] 2018-12-02 15:19:18 (BaseJdbcLogger.java:165) <==        Row: iphone7, 15, 5600.00, chengjingming
TRACE [main] 2018-12-02 15:19:18 (BaseJdbcLogger.java:165) <==        Row: 屎蛋儿, 2333, 10.00, 南山敬老院
TRACE [main] 2018-12-02 15:20:49 (BaseJdbcLogger.java:165) <==    Columns: name
TRACE [main] 2018-12-02 15:20:49 (BaseJdbcLogger.java:165) <==        Row: chengjingming
TRACE [main] 2018-12-02 15:20:49 (BaseJdbcLogger.java:165) <==    Columns: passWord
TRACE [main] 2018-12-02 15:20:49 (BaseJdbcLogger.java:165) <==        Row: 123456
TRACE [main] 2018-12-02 15:20:58 (BaseJdbcLogger.java:165) <==    Columns: name
TRACE [main] 2018-12-02 15:20:58 (BaseJdbcLogger.java:165) <==        Row: chengjingming
TRACE [main] 2018-12-02 15:20:58 (BaseJdbcLogger.java:165) <==    Columns: passWord
TRACE [main] 2018-12-02 15:20:58 (BaseJdbcLogger.java:165) <==        Row: 123456
TRACE [main] 2018-12-02 15:55:53 (BaseJdbcLogger.java:165) <==    Columns: name
TRACE [main] 2018-12-02 15:55:53 (BaseJdbcLogger.java:165) <==        Row: chengjingming
TRACE [main] 2018-12-02 15:55:53 (BaseJdbcLogger.java:165) <==    Columns: passWord
TRACE [main] 2018-12-02 15:55:53 (BaseJdbcLogger.java:165) <==        Row: 123456
TRACE [main] 2018-12-02 15:59:13 (BaseJdbcLogger.java:165) <==    Columns: name
TRACE [main] 2018-12-02 15:59:13 (BaseJdbcLogger.java:165) <==        Row: chengjingming
TRACE [main] 2018-12-02 15:59:13 (BaseJdbcLogger.java:165) <==    Columns: passWord
TRACE [main] 2018-12-02 15:59:13 (BaseJdbcLogger.java:165) <==        Row: 123456
TRACE [main] 2018-12-02 15:59:26 (BaseJdbcLogger.java:165) <==    Columns: iocationId, iocation, iocationName, iocationPhone, UserName
TRACE [main] 2018-12-02 15:59:26 (BaseJdbcLogger.java:165) <==        Row: 1, 昆山市玉山镇名仕大厦, 程井明, 15618816266, chengjingming
TRACE [main] 2018-12-02 15:59:26 (BaseJdbcLogger.java:165) <==        Row: 2, 昆山千灯镇, 程井明, 15618816266, chengjingming
TRACE [main] 2018-12-02 15:59:26 (BaseJdbcLogger.java:165) <==        Row: 3, 昆山市玉山镇名仕大厦, 大橙子, 15618816266, chengjingming
TRACE [main] 2018-12-02 16:40:04 (BaseJdbcLogger.java:165) <==    Columns: name
TRACE [main] 2018-12-02 16:40:04 (BaseJdbcLogger.java:165) <==        Row: chengjingming
TRACE [main] 2018-12-02 16:40:04 (BaseJdbcLogger.java:165) <==        Row: chengjingming
TRACE [main] 2018-12-02 17:52:20 (BaseJdbcLogger.java:165) <==    Columns: name
TRACE [main] 2018-12-02 17:52:20 (BaseJdbcLogger.java:165) <==        Row: chengjingming
TRACE [main] 2018-12-02 17:52:20 (BaseJdbcLogger.java:165) <==    Columns: passWord
TRACE [main] 2018-12-02 17:52:20 (BaseJdbcLogger.java:165) <==        Row: 123456
TRACE [main] 2018-12-02 17:53:10 (BaseJdbcLogger.java:165) <==    Columns: goodsName, goodsNumber, goodsPrice, userName
TRACE [main] 2018-12-02 17:53:10 (BaseJdbcLogger.java:165) <==        Row: iphone7, 1, 5800.00, chengjingming
TRACE [main] 2018-12-02 18:04:59 (BaseJdbcLogger.java:165) <==    Columns: name
TRACE [main] 2018-12-02 18:04:59 (BaseJdbcLogger.java:165) <==        Row: chengjingming
TRACE [main] 2018-12-02 18:04:59 (BaseJdbcLogger.java:165) <==    Columns: passWord
TRACE [main] 2018-12-02 18:04:59 (BaseJdbcLogger.java:165) <==        Row: 123456
TRACE [main] 2018-12-02 18:05:04 (BaseJdbcLogger.java:165) <==    Columns: goodsName, goodsNumber, goodsPrice, userName
TRACE [main] 2018-12-02 18:05:04 (BaseJdbcLogger.java:165) <==        Row: iphone7, 1, 5800.00, chengjingming
TRACE [main] 2018-12-02 18:05:25 (BaseJdbcLogger.java:165) <==    Columns: goodsName, goodsNumber, goodsPrice, userName
TRACE [main] 2018-12-02 18:05:25 (BaseJdbcLogger.java:165) <==        Row: iphone7, 2, 5800.00, chengjingming
TRACE [main] 2018-12-02 20:17:04 (BaseJdbcLogger.java:165) <==    Columns: count(*)
TRACE [main] 2018-12-02 20:17:04 (BaseJdbcLogger.java:165) <==        Row: 1
TRACE [main] 2018-12-02 20:17:04 (BaseJdbcLogger.java:165) <==    Columns: userId, userName, passWord, userMoney
TRACE [main] 2018-12-02 20:17:04 (BaseJdbcLogger.java:165) <==        Row: 3, abc, 123, 0.00
TRACE [main] 2018-12-02 23:22:09 (BaseJdbcLogger.java:165) <==    Columns: count(*)
TRACE [main] 2018-12-02 23:22:09 (BaseJdbcLogger.java:165) <==        Row: 1
TRACE [main] 2018-12-02 23:22:09 (BaseJdbcLogger.java:165) <==    Columns: userId, userName, passWord, userMoney
TRACE [main] 2018-12-02 23:22:09 (BaseJdbcLogger.java:165) <==        Row: 1, chengjingming, 123456, 200000.00
TRACE [main] 2018-12-02 23:56:35 (BaseJdbcLogger.java:165) <==    Columns: goodsNumber*goodsPrice
TRACE [main] 2018-12-02 23:56:35 (BaseJdbcLogger.java:165) <==        Row: 11600.00
TRACE [main] 2018-12-02 23:58:20 (BaseJdbcLogger.java:165) <==    Columns: goodsNumber*goodsPrice
TRACE [main] 2018-12-02 23:58:20 (BaseJdbcLogger.java:165) <==        Row: 11600.00
TRACE [main] 2018-12-03 00:02:32 (BaseJdbcLogger.java:165) <==    Columns: goodsNumber*goodsPrice
TRACE [main] 2018-12-03 00:02:32 (BaseJdbcLogger.java:165) <==        Row: 11600.00
TRACE [main] 2018-12-03 00:03:17 (BaseJdbcLogger.java:165) <==    Columns: goodsNumber*goodsPrice
TRACE [main] 2018-12-03 00:03:17 (BaseJdbcLogger.java:165) <==        Row: 11600.00
TRACE [main] 2018-12-03 00:05:01 (BaseJdbcLogger.java:165) <==    Columns: goodsNumber*goodsPrice
TRACE [main] 2018-12-03 00:05:01 (BaseJdbcLogger.java:165) <==        Row: 11600.00
TRACE [main] 2018-12-03 00:06:17 (BaseJdbcLogger.java:165) <==    Columns: goodsNumber*goodsPrice
TRACE [main] 2018-12-03 00:06:17 (BaseJdbcLogger.java:165) <==        Row: 11600.00
TRACE [main] 2018-12-03 00:06:46 (BaseJdbcLogger.java:165) <==    Columns: goodsNumber*goodsPrice
TRACE [main] 2018-12-03 00:06:46 (BaseJdbcLogger.java:165) <==        Row: 11600.00
TRACE [main] 2018-12-03 00:07:01 (BaseJdbcLogger.java:165) <==    Columns: goodsNumber*goodsPrice
TRACE [main] 2018-12-03 00:07:02 (BaseJdbcLogger.java:165) <==        Row: 11600.00
TRACE [main] 2018-12-03 00:07:48 (BaseJdbcLogger.java:165) <==    Columns: goodsNumber*goodsPrice
TRACE [main] 2018-12-03 00:07:48 (BaseJdbcLogger.java:165) <==        Row: 11600.00
TRACE [main] 2018-12-03 00:15:15 (BaseJdbcLogger.java:165) <==    Columns: goodsNumber*goodsPrice
TRACE [main] 2018-12-03 00:15:15 (BaseJdbcLogger.java:165) <==        Row: 11600.00
TRACE [main] 2018-12-03 00:17:04 (BaseJdbcLogger.java:165) <==    Columns: goodsNumber*goodsPrice
TRACE [main] 2018-12-03 00:17:04 (BaseJdbcLogger.java:165) <==        Row: 11600.00
TRACE [main] 2018-12-03 00:19:24 (BaseJdbcLogger.java:165) <==    Columns: goodsNumber*goodsPrice
TRACE [main] 2018-12-03 00:19:24 (BaseJdbcLogger.java:165) <==        Row: 11600.00
TRACE [main] 2018-12-03 00:25:12 (BaseJdbcLogger.java:165) <==    Columns: goodsNumber*goodsPrice
TRACE [main] 2018-12-03 00:25:12 (BaseJdbcLogger.java:165) <==        Row: 11600.00
TRACE [main] 2018-12-03 00:26:53 (BaseJdbcLogger.java:165) <==    Columns: goodsNumber*goodsPrice
TRACE [main] 2018-12-03 00:26:53 (BaseJdbcLogger.java:165) <==        Row: 11600.00
TRACE [main] 2018-12-03 00:28:44 (BaseJdbcLogger.java:165) <==    Columns: goodsNumber*goodsPrice
TRACE [main] 2018-12-03 00:28:44 (BaseJdbcLogger.java:165) <==        Row: 11600.00
TRACE [main] 2018-12-03 09:09:52 (BaseJdbcLogger.java:165) <==    Columns: count(*)
TRACE [main] 2018-12-03 09:09:52 (BaseJdbcLogger.java:165) <==        Row: 1
TRACE [main] 2018-12-03 09:09:52 (BaseJdbcLogger.java:165) <==    Columns: userId, userName, passWord, userMoney
TRACE [main] 2018-12-03 09:09:52 (BaseJdbcLogger.java:165) <==        Row: 1, chengjingming, 123456, 200000.00
TRACE [main] 2018-12-03 09:10:54 (BaseJdbcLogger.java:165) <==    Columns: iocationId, iocation, iocationName, iocationPhone, UserName
TRACE [main] 2018-12-03 09:10:54 (BaseJdbcLogger.java:165) <==        Row: 1, 昆山市玉山镇名仕大厦, 程井明, 15618816266, chengjingming
TRACE [main] 2018-12-03 09:10:54 (BaseJdbcLogger.java:165) <==        Row: 2, 昆山千灯镇, 程井明, 15618816266, chengjingming
TRACE [main] 2018-12-03 09:10:54 (BaseJdbcLogger.java:165) <==        Row: 3, 昆山市玉山镇名仕大厦, 大橙子, 15618816266, chengjingming
TRACE [main] 2018-12-03 09:14:37 (BaseJdbcLogger.java:165) <==    Columns: count(*)
TRACE [main] 2018-12-03 09:14:37 (BaseJdbcLogger.java:165) <==        Row: 1
TRACE [main] 2018-12-03 09:14:37 (BaseJdbcLogger.java:165) <==    Columns: userId, userName, passWord, userMoney
TRACE [main] 2018-12-03 09:14:37 (BaseJdbcLogger.java:165) <==        Row: 1, chengjingming, 123456, 200000.00
TRACE [main] 2018-12-03 09:15:11 (BaseJdbcLogger.java:165) <==    Columns: iocationId, iocation, iocationName, iocationPhone, UserName
TRACE [main] 2018-12-03 09:15:11 (BaseJdbcLogger.java:165) <==        Row: 1, 昆山市玉山镇名仕大厦, 程井明, 15618816266, chengjingming
TRACE [main] 2018-12-03 09:15:11 (BaseJdbcLogger.java:165) <==        Row: 2, 昆山千灯镇, 程井明, 15618816266, chengjingming
TRACE [main] 2018-12-03 09:15:11 (BaseJdbcLogger.java:165) <==        Row: 3, 昆山市玉山镇名仕大厦, 大橙子, 15618816266, chengjingming
TRACE [main] 2018-12-03 09:15:11 (BaseJdbcLogger.java:165) <==        Row: 5, 昆山市, chengjingming, 15618816266, chengjingming
TRACE [main] 2018-12-03 09:16:23 (BaseJdbcLogger.java:165) <==    Columns: count(*)
TRACE [main] 2018-12-03 09:16:23 (BaseJdbcLogger.java:165) <==        Row: 1
TRACE [main] 2018-12-03 09:16:24 (BaseJdbcLogger.java:165) <==    Columns: userId, userName, passWord, userMoney
TRACE [main] 2018-12-03 09:16:24 (BaseJdbcLogger.java:165) <==        Row: 1, chengjingming, 123456, 200000.00
TRACE [main] 2018-12-03 09:16:29 (BaseJdbcLogger.java:165) <==    Columns: iocationId, iocation, iocationName, iocationPhone, UserName
TRACE [main] 2018-12-03 09:16:29 (BaseJdbcLogger.java:165) <==        Row: 1, 昆山市玉山镇名仕大厦, 程井明, 15618816266, chengjingming
TRACE [main] 2018-12-03 09:16:29 (BaseJdbcLogger.java:165) <==        Row: 2, 昆山千灯镇, 程井明, 15618816266, chengjingming
TRACE [main] 2018-12-03 09:16:29 (BaseJdbcLogger.java:165) <==        Row: 3, 昆山市玉山镇名仕大厦, 大橙子, 15618816266, chengjingming
TRACE [main] 2018-12-03 09:16:29 (BaseJdbcLogger.java:165) <==        Row: 5, 昆山市, chengjingming, 15618816266, chengjingming
TRACE [main] 2018-12-03 09:17:44 (BaseJdbcLogger.java:165) <==    Columns: count(*)
TRACE [main] 2018-12-03 09:17:44 (BaseJdbcLogger.java:165) <==        Row: 1
TRACE [main] 2018-12-03 09:17:44 (BaseJdbcLogger.java:165) <==    Columns: userId, userName, passWord, userMoney
TRACE [main] 2018-12-03 09:17:44 (BaseJdbcLogger.java:165) <==        Row: 1, chengjingming, 123456, 200000.00
TRACE [main] 2018-12-03 09:17:49 (BaseJdbcLogger.java:165) <==    Columns: iocationId, iocation, iocationName, iocationPhone, UserName
TRACE [main] 2018-12-03 09:17:49 (BaseJdbcLogger.java:165) <==        Row: 1, 昆山市玉山镇名仕大厦, 程井明, 15618816266, chengjingming
TRACE [main] 2018-12-03 09:17:49 (BaseJdbcLogger.java:165) <==        Row: 2, 昆山千灯镇, 程井明, 15618816266, chengjingming
TRACE [main] 2018-12-03 09:17:49 (BaseJdbcLogger.java:165) <==        Row: 3, 昆山市玉山镇名仕大厦, 大橙子, 15618816266, chengjingming
TRACE [main] 2018-12-03 09:17:49 (BaseJdbcLogger.java:165) <==        Row: 4, 昆山市, chengjingming, 15618816266, chengjingming
TRACE [main] 2018-12-03 09:21:27 (BaseJdbcLogger.java:165) <==    Columns: count(*)
TRACE [main] 2018-12-03 09:21:27 (BaseJdbcLogger.java:165) <==        Row: 1
TRACE [main] 2018-12-03 09:21:27 (BaseJdbcLogger.java:165) <==    Columns: userId, userName, passWord, userMoney
TRACE [main] 2018-12-03 09:21:27 (BaseJdbcLogger.java:165) <==        Row: 1, chengjingming, 123456, 200000.00
TRACE [main] 2018-12-03 09:21:39 (BaseJdbcLogger.java:165) <==    Columns: iocationId, iocation, iocationName, iocationPhone, UserName
TRACE [main] 2018-12-03 09:21:39 (BaseJdbcLogger.java:165) <==        Row: 1, 昆山市玉山镇名仕大厦, 程井明, 15618816266, chengjingming
TRACE [main] 2018-12-03 09:21:39 (BaseJdbcLogger.java:165) <==        Row: 2, 昆山千灯镇, 程井明, 15618816266, chengjingming
TRACE [main] 2018-12-03 09:21:39 (BaseJdbcLogger.java:165) <==        Row: 3, 昆山市玉山镇名仕大厦, 大橙子, 15618816266, chengjingming
TRACE [main] 2018-12-03 09:21:39 (BaseJdbcLogger.java:165) <==        Row: 4, 昆山市, chengjingming, 15618816266, chengjingming
TRACE [main] 2018-12-03 10:18:39 (BaseJdbcLogger.java:165) <==    Columns: count(*)
TRACE [main] 2018-12-03 10:18:39 (BaseJdbcLogger.java:165) <==        Row: 1
TRACE [main] 2018-12-03 10:18:39 (BaseJdbcLogger.java:165) <==    Columns: userId, userName, passWord, userMoney
TRACE [main] 2018-12-03 10:18:39 (BaseJdbcLogger.java:165) <==        Row: 1, chengjingming, 123456, 200000.00
TRACE [main] 2018-12-03 10:18:44 (BaseJdbcLogger.java:165) <==    Columns: goodsName, goodsNumber, goodsPrice, userName
TRACE [main] 2018-12-03 10:18:44 (BaseJdbcLogger.java:165) <==        Row: iphone7, 2, 5800.00, chengjingming
TRACE [main] 2018-12-03 10:18:44 (BaseJdbcLogger.java:165) <==        Row: iphoneX, 10, 5800.00, chengjingming
TRACE [main] 2018-12-03 10:22:03 (BaseJdbcLogger.java:165) <==    Columns: count(*)
TRACE [main] 2018-12-03 10:22:03 (BaseJdbcLogger.java:165) <==        Row: 1
TRACE [main] 2018-12-03 10:22:03 (BaseJdbcLogger.java:165) <==    Columns: userId, userName, passWord, userMoney
TRACE [main] 2018-12-03 10:22:03 (BaseJdbcLogger.java:165) <==        Row: 1, chengjingming, 123456, 200000.00
TRACE [main] 2018-12-03 10:22:17 (BaseJdbcLogger.java:165) <==    Columns: goodsName, goodsNumber, goodsPrice, userName
TRACE [main] 2018-12-03 10:22:17 (BaseJdbcLogger.java:165) <==        Row: iphone7, 2, 5800.00, chengjingming
TRACE [main] 2018-12-03 10:22:17 (BaseJdbcLogger.java:165) <==        Row: iphoneX, 10, 5800.00, chengjingming
TRACE [main] 2018-12-03 10:22:31 (BaseJdbcLogger.java:165) <==    Columns: goodsId, goodsName, goodsPrice, goodsNumber, date, local
TRACE [main] 2018-12-03 10:22:31 (BaseJdbcLogger.java:165) <==        Row: 1, iphone7, 5600.00, 100, 2017-08-25, Henan, China
TRACE [main] 2018-12-03 10:22:50 (BaseJdbcLogger.java:165) <==    Columns: goodsName, goodsNumber, goodsPrice, userName
TRACE [main] 2018-12-03 10:22:50 (BaseJdbcLogger.java:165) <==        Row: null, 1, 0.00, chengjingming
TRACE [main] 2018-12-03 10:22:50 (BaseJdbcLogger.java:165) <==        Row: iphone7, 2, 5800.00, chengjingming
TRACE [main] 2018-12-03 10:22:50 (BaseJdbcLogger.java:165) <==        Row: iphoneX, 10, 5800.00, chengjingming
TRACE [main] 2018-12-03 10:27:28 (BaseJdbcLogger.java:165) <==    Columns: count(*)
TRACE [main] 2018-12-03 10:27:28 (BaseJdbcLogger.java:165) <==        Row: 1
TRACE [main] 2018-12-03 10:27:28 (BaseJdbcLogger.java:165) <==    Columns: userId, userName, passWord, userMoney
TRACE [main] 2018-12-03 10:27:28 (BaseJdbcLogger.java:165) <==        Row: 1, chengjingming, 123456, 200000.00
TRACE [main] 2018-12-03 10:27:31 (BaseJdbcLogger.java:165) <==    Columns: goodsName, goodsNumber, goodsPrice, userName
TRACE [main] 2018-12-03 10:27:31 (BaseJdbcLogger.java:165) <==        Row: iphone7, 2, 5800.00, chengjingming
TRACE [main] 2018-12-03 10:27:31 (BaseJdbcLogger.java:165) <==        Row: iphoneX, 10, 5800.00, chengjingming
TRACE [main] 2018-12-03 10:27:48 (BaseJdbcLogger.java:165) <==    Columns: goodsId, goodsName, goodsPrice, goodsNumber, date, local
TRACE [main] 2018-12-03 10:27:48 (BaseJdbcLogger.java:165) <==        Row: 1, iphone7, 5600.00, 100, 2017-08-25, Henan, China
TRACE [main] 2018-12-03 10:28:01 (BaseJdbcLogger.java:165) <==    Columns: goodsName, goodsNumber, goodsPrice, userName
TRACE [main] 2018-12-03 10:28:01 (BaseJdbcLogger.java:165) <==        Row: null, 2, 0.00, chengjingming
TRACE [main] 2018-12-03 10:28:01 (BaseJdbcLogger.java:165) <==        Row: iphone7, 2, 5800.00, chengjingming
TRACE [main] 2018-12-03 10:28:01 (BaseJdbcLogger.java:165) <==        Row: iphoneX, 10, 5800.00, chengjingming
TRACE [main] 2018-12-03 10:29:21 (BaseJdbcLogger.java:165) <==    Columns: count(*)
TRACE [main] 2018-12-03 10:29:21 (BaseJdbcLogger.java:165) <==        Row: 1
TRACE [main] 2018-12-03 10:29:22 (BaseJdbcLogger.java:165) <==    Columns: userId, userName, passWord, userMoney
TRACE [main] 2018-12-03 10:29:22 (BaseJdbcLogger.java:165) <==        Row: 1, chengjingming, 123456, 200000.00
TRACE [main] 2018-12-03 10:29:30 (BaseJdbcLogger.java:165) <==    Columns: goodsName, goodsNumber, goodsPrice, userName
TRACE [main] 2018-12-03 10:29:30 (BaseJdbcLogger.java:165) <==        Row: null, 2, 0.00, chengjingming
TRACE [main] 2018-12-03 10:29:30 (BaseJdbcLogger.java:165) <==        Row: iphone7, 2, 5800.00, chengjingming
TRACE [main] 2018-12-03 10:29:30 (BaseJdbcLogger.java:165) <==        Row: iphoneX, 10, 5800.00, chengjingming
TRACE [main] 2018-12-03 10:29:47 (BaseJdbcLogger.java:165) <==    Columns: goodsId, goodsName, goodsPrice, goodsNumber, date, local
TRACE [main] 2018-12-03 10:29:47 (BaseJdbcLogger.java:165) <==        Row: 1, iphone7, 5600.00, 100, 2017-08-25, Henan, China
TRACE [main] 2018-12-03 10:35:37 (BaseJdbcLogger.java:165) <==    Columns: count(*)
TRACE [main] 2018-12-03 10:35:37 (BaseJdbcLogger.java:165) <==        Row: 1
TRACE [main] 2018-12-03 10:35:37 (BaseJdbcLogger.java:165) <==    Columns: userId, userName, passWord, userMoney
TRACE [main] 2018-12-03 10:35:37 (BaseJdbcLogger.java:165) <==        Row: 1, chengjingming, 123456, 200000.00
TRACE [main] 2018-12-03 10:35:41 (BaseJdbcLogger.java:165) <==    Columns: goodsName, goodsNumber, goodsPrice, userName
TRACE [main] 2018-12-03 10:35:41 (BaseJdbcLogger.java:165) <==        Row: iphone7, 2, 5800.00, chengjingming
TRACE [main] 2018-12-03 10:35:41 (BaseJdbcLogger.java:165) <==        Row: iphoneX, 10, 5800.00, chengjingming
TRACE [main] 2018-12-03 10:35:50 (BaseJdbcLogger.java:165) <==    Columns: goodsId, goodsName, goodsPrice, goodsNumber, date, local
TRACE [main] 2018-12-03 10:35:50 (BaseJdbcLogger.java:165) <==        Row: 1, iphone7, 5600.00, 100, 2017-08-25, Henan, China
TRACE [main] 2018-12-03 10:35:54 (BaseJdbcLogger.java:165) <==    Columns: goodsName, goodsNumber, goodsPrice, userName
TRACE [main] 2018-12-03 10:35:54 (BaseJdbcLogger.java:165) <==        Row: null, 1, 0.00, chengjingming
TRACE [main] 2018-12-03 10:35:54 (BaseJdbcLogger.java:165) <==        Row: iphone7, 2, 5800.00, chengjingming
TRACE [main] 2018-12-03 10:35:54 (BaseJdbcLogger.java:165) <==        Row: iphoneX, 10, 5800.00, chengjingming
TRACE [main] 2018-12-03 10:37:50 (BaseJdbcLogger.java:165) <==    Columns: count(*)
TRACE [main] 2018-12-03 10:37:50 (BaseJdbcLogger.java:165) <==        Row: 1
TRACE [main] 2018-12-03 10:37:50 (BaseJdbcLogger.java:165) <==    Columns: userId, userName, passWord, userMoney
TRACE [main] 2018-12-03 10:37:50 (BaseJdbcLogger.java:165) <==        Row: 1, chengjingming, 123456, 200000.00
TRACE [main] 2018-12-03 10:37:53 (BaseJdbcLogger.java:165) <==    Columns: goodsName, goodsNumber, goodsPrice, userName
TRACE [main] 2018-12-03 10:37:53 (BaseJdbcLogger.java:165) <==        Row: iphone7, 2, 5800.00, chengjingming
TRACE [main] 2018-12-03 10:37:53 (BaseJdbcLogger.java:165) <==        Row: iphoneX, 10, 5800.00, chengjingming
TRACE [main] 2018-12-03 10:38:25 (BaseJdbcLogger.java:165) <==    Columns: count(*)
TRACE [main] 2018-12-03 10:38:25 (BaseJdbcLogger.java:165) <==        Row: 1
TRACE [main] 2018-12-03 10:38:26 (BaseJdbcLogger.java:165) <==    Columns: userId, userName, passWord, userMoney
TRACE [main] 2018-12-03 10:38:26 (BaseJdbcLogger.java:165) <==        Row: 1, chengjingming, 123456, 200000.00
TRACE [main] 2018-12-03 10:38:29 (BaseJdbcLogger.java:165) <==    Columns: goodsName, goodsNumber, goodsPrice, userName
TRACE [main] 2018-12-03 10:38:29 (BaseJdbcLogger.java:165) <==        Row: iphone7, 2, 5800.00, chengjingming
TRACE [main] 2018-12-03 10:38:29 (BaseJdbcLogger.java:165) <==        Row: iphoneX, 10, 5800.00, chengjingming
TRACE [main] 2018-12-03 10:38:36 (BaseJdbcLogger.java:165) <==    Columns: goodsId, goodsName, goodsPrice, goodsNumber, date, local
TRACE [main] 2018-12-03 10:38:36 (BaseJdbcLogger.java:165) <==        Row: 1, iphone7, 5600.00, 100, 2017-08-25, Henan, China
TRACE [main] 2018-12-03 10:38:39 (BaseJdbcLogger.java:165) <==    Columns: goodsName, goodsNumber, goodsPrice, userName
TRACE [main] 2018-12-03 10:38:39 (BaseJdbcLogger.java:165) <==        Row: null, 2, 0.00, chengjingming
TRACE [main] 2018-12-03 10:38:39 (BaseJdbcLogger.java:165) <==        Row: iphone7, 2, 5800.00, chengjingming
TRACE [main] 2018-12-03 10:38:39 (BaseJdbcLogger.java:165) <==        Row: iphoneX, 10, 5800.00, chengjingming
TRACE [main] 2018-12-03 10:41:26 (BaseJdbcLogger.java:165) <==    Columns: count(*)
TRACE [main] 2018-12-03 10:41:26 (BaseJdbcLogger.java:165) <==        Row: 1
TRACE [main] 2018-12-03 10:41:27 (BaseJdbcLogger.java:165) <==    Columns: userId, userName, passWord, userMoney
TRACE [main] 2018-12-03 10:41:27 (BaseJdbcLogger.java:165) <==        Row: 1, chengjingming, 123456, 200000.00
TRACE [main] 2018-12-03 10:41:33 (BaseJdbcLogger.java:165) <==    Columns: goodsId, goodsName, goodsPrice, goodsNumber, date, local
TRACE [main] 2018-12-03 10:41:33 (BaseJdbcLogger.java:165) <==        Row: 1, iphone7, 5600.00, 100, 2017-08-25, Henan, China
TRACE [main] 2018-12-03 10:41:33 (BaseJdbcLogger.java:165) <==        Row: 2, iphoneX, 7899.00, 100, 2018-09-01, Henan, China
TRACE [main] 2018-12-03 10:41:33 (BaseJdbcLogger.java:165) <==        Row: 3, iphoneMAX, 8999.00, 100, 2018-09-01, Henan, China
TRACE [main] 2018-12-03 10:44:35 (BaseJdbcLogger.java:165) <==    Columns: count(*)
TRACE [main] 2018-12-03 10:44:35 (BaseJdbcLogger.java:165) <==        Row: 0
TRACE [main] 2018-12-03 10:44:42 (BaseJdbcLogger.java:165) <==    Columns: count(*)
TRACE [main] 2018-12-03 10:44:42 (BaseJdbcLogger.java:165) <==        Row: 1
TRACE [main] 2018-12-03 10:44:42 (BaseJdbcLogger.java:165) <==    Columns: userId, userName, passWord, userMoney
TRACE [main] 2018-12-03 10:44:42 (BaseJdbcLogger.java:165) <==        Row: 1, chengjingming, 123456, 200000.00
TRACE [main] 2018-12-03 10:44:46 (BaseJdbcLogger.java:165) <==    Columns: goodsId, goodsName, goodsPrice, goodsNumber, date, local
TRACE [main] 2018-12-03 10:44:46 (BaseJdbcLogger.java:165) <==        Row: 1, iphone7, 5600.00, 100, 2017-08-25, Henan, China
TRACE [main] 2018-12-03 10:44:46 (BaseJdbcLogger.java:165) <==        Row: 2, iphoneX, 7899.00, 100, 2018-09-01, Henan, China
TRACE [main] 2018-12-03 10:44:46 (BaseJdbcLogger.java:165) <==        Row: 3, iphoneMAX, 8999.00, 100, 2018-09-01, Henan, China
TRACE [main] 2018-12-03 10:45:01 (BaseJdbcLogger.java:165) <==    Columns: goodsName, goodsNumber, goodsPrice, userName
TRACE [main] 2018-12-03 10:45:01 (BaseJdbcLogger.java:165) <==        Row: null, 2, 0.00, chengjingming
TRACE [main] 2018-12-03 10:45:01 (BaseJdbcLogger.java:165) <==        Row: iphone7, 2, 5800.00, chengjingming
TRACE [main] 2018-12-03 10:45:01 (BaseJdbcLogger.java:165) <==        Row: iphoneX, 10, 5800.00, chengjingming
TRACE [main] 2018-12-03 10:45:09 (BaseJdbcLogger.java:165) <==    Columns: goodsId, goodsName, goodsPrice, goodsNumber, date, local
TRACE [main] 2018-12-03 10:45:09 (BaseJdbcLogger.java:165) <==        Row: 1, iphone7, 5600.00, 100, 2017-08-25, Henan, China
TRACE [main] 2018-12-03 10:50:49 (BaseJdbcLogger.java:165) <==    Columns: count(*)
TRACE [main] 2018-12-03 10:50:49 (BaseJdbcLogger.java:165) <==        Row: 1
TRACE [main] 2018-12-03 10:50:49 (BaseJdbcLogger.java:165) <==    Columns: userId, userName, passWord, userMoney
TRACE [main] 2018-12-03 10:50:49 (BaseJdbcLogger.java:165) <==        Row: 1, chengjingming, 123456, 200000.00
TRACE [main] 2018-12-03 10:50:59 (BaseJdbcLogger.java:165) <==    Columns: goodsName, goodsNumber, goodsPrice, userName
TRACE [main] 2018-12-03 10:50:59 (BaseJdbcLogger.java:165) <==        Row: iphone7, 2, 5800.00, chengjingming
TRACE [main] 2018-12-03 10:50:59 (BaseJdbcLogger.java:165) <==        Row: iphoneX, 10, 5800.00, chengjingming
TRACE [main] 2018-12-03 10:51:32 (BaseJdbcLogger.java:165) <==    Columns: count(*)
TRACE [main] 2018-12-03 10:51:32 (BaseJdbcLogger.java:165) <==        Row: 1
TRACE [main] 2018-12-03 10:51:32 (BaseJdbcLogger.java:165) <==    Columns: userId, userName, passWord, userMoney
TRACE [main] 2018-12-03 10:51:32 (BaseJdbcLogger.java:165) <==        Row: 1, chengjingming, 123456, 200000.00
TRACE [main] 2018-12-03 10:51:36 (BaseJdbcLogger.java:165) <==    Columns: goodsName, goodsNumber, goodsPrice, userName
TRACE [main] 2018-12-03 10:51:36 (BaseJdbcLogger.java:165) <==        Row: iphone7, 2, 5800.00, chengjingming
TRACE [main] 2018-12-03 10:51:36 (BaseJdbcLogger.java:165) <==        Row: iphoneX, 10, 5800.00, chengjingming
TRACE [main] 2018-12-03 10:51:41 (BaseJdbcLogger.java:165) <==    Columns: goodsId, goodsName, goodsPrice, goodsNumber, date, local
TRACE [main] 2018-12-03 10:51:41 (BaseJdbcLogger.java:165) <==        Row: 1, iphone7, 5600.00, 100, 2017-08-25, Henan, China
TRACE [main] 2018-12-03 10:52:18 (BaseJdbcLogger.java:165) <==    Columns: goodsNumber*goodsPrice
TRACE [main] 2018-12-03 10:52:18 (BaseJdbcLogger.java:165) <==        Row: 11600.00
TRACE [main] 2018-12-03 10:52:18 (BaseJdbcLogger.java:165) <==        Row: 112000.00
TRACE [main] 2018-12-03 11:23:13 (BaseJdbcLogger.java:165) <==    Columns: count(*)
TRACE [main] 2018-12-03 11:23:13 (BaseJdbcLogger.java:165) <==        Row: 1
TRACE [main] 2018-12-03 11:23:14 (BaseJdbcLogger.java:165) <==    Columns: userId, userName, passWord, userMoney
TRACE [main] 2018-12-03 11:23:14 (BaseJdbcLogger.java:165) <==        Row: 1, chengjingming, 123456, 200000.00
TRACE [main] 2018-12-03 11:23:27 (BaseJdbcLogger.java:165) <==    Columns: goodsId, goodsName, goodsPrice, goodsNumber, date, local
TRACE [main] 2018-12-03 11:23:27 (BaseJdbcLogger.java:165) <==        Row: 1, iphone7, 5600.00, 100, 2017-08-25, Henan, China
TRACE [main] 2018-12-03 11:23:27 (BaseJdbcLogger.java:165) <==        Row: 2, iphoneX, 7899.00, 100, 2018-09-01, Henan, China
TRACE [main] 2018-12-03 11:23:27 (BaseJdbcLogger.java:165) <==        Row: 3, iphoneMAX, 8999.00, 100, 2018-09-01, Henan, China
TRACE [main] 2018-12-03 11:29:15 (BaseJdbcLogger.java:165) <==    Columns: count(*)
TRACE [main] 2018-12-03 11:29:15 (BaseJdbcLogger.java:165) <==        Row: 1
TRACE [main] 2018-12-03 11:29:16 (BaseJdbcLogger.java:165) <==    Columns: userId, userName, passWord, userMoney
TRACE [main] 2018-12-03 11:29:16 (BaseJdbcLogger.java:165) <==        Row: 1, chengjingming, 123456, 200000.00
TRACE [main] 2018-12-03 11:29:19 (BaseJdbcLogger.java:165) <==    Columns: goodsId, goodsName, goodsPrice, goodsNumber, date, local
TRACE [main] 2018-12-03 11:29:19 (BaseJdbcLogger.java:165) <==        Row: 1, iphone7, 5600.00, 100, 2017-08-25, Henan, China
TRACE [main] 2018-12-03 11:29:19 (BaseJdbcLogger.java:165) <==        Row: 2, iphoneX, 7899.00, 100, 2018-09-01, Henan, China
TRACE [main] 2018-12-03 11:29:19 (BaseJdbcLogger.java:165) <==        Row: 3, iphoneMAX, 8999.00, 100, 2018-09-01, Henan, China
TRACE [main] 2018-12-03 11:29:49 (BaseJdbcLogger.java:165) <==    Columns: count(*)
TRACE [main] 2018-12-03 11:29:49 (BaseJdbcLogger.java:165) <==        Row: 1
TRACE [main] 2018-12-03 11:29:49 (BaseJdbcLogger.java:165) <==    Columns: userId, userName, passWord, userMoney
TRACE [main] 2018-12-03 11:29:49 (BaseJdbcLogger.java:165) <==        Row: 1, chengjingming, 123456, 200000.00
TRACE [main] 2018-12-03 12:48:51 (BaseJdbcLogger.java:165) <==    Columns: count(*)
TRACE [main] 2018-12-03 12:48:51 (BaseJdbcLogger.java:165) <==        Row: 1
TRACE [main] 2018-12-03 12:48:51 (BaseJdbcLogger.java:165) <==    Columns: userId, userName, passWord, userMoney
TRACE [main] 2018-12-03 12:48:51 (BaseJdbcLogger.java:165) <==        Row: 1, chengjingming, 123456, 200000.00
TRACE [main] 2018-12-03 12:48:55 (BaseJdbcLogger.java:165) <==    Columns: goodsId, goodsName, goodsPrice, goodsNumber, date, local
TRACE [main] 2018-12-03 12:48:55 (BaseJdbcLogger.java:165) <==        Row: 1, iphone7, 5600.00, 100, 2017-08-25, Henan, China
TRACE [main] 2018-12-03 12:48:55 (BaseJdbcLogger.java:165) <==        Row: 2, iphoneX, 7899.00, 100, 2018-09-01, Henan, China
TRACE [main] 2018-12-03 12:48:55 (BaseJdbcLogger.java:165) <==        Row: 3, iphoneMAX, 8999.00, 100, 2018-09-01, Henan, China
TRACE [main] 2018-12-03 12:49:37 (BaseJdbcLogger.java:165) <==    Columns: goodsId, goodsName, goodsPrice, goodsNumber, date, local
TRACE [main] 2018-12-03 12:49:37 (BaseJdbcLogger.java:165) <==        Row: 1, iphone7, 5600.00, 100, 2017-08-25, Henan, China
TRACE [main] 2018-12-03 12:53:01 (BaseJdbcLogger.java:165) <==    Columns: count(*)
TRACE [main] 2018-12-03 12:53:01 (BaseJdbcLogger.java:165) <==        Row: 1
TRACE [main] 2018-12-03 12:53:02 (BaseJdbcLogger.java:165) <==    Columns: userId, userName, passWord, userMoney
TRACE [main] 2018-12-03 12:53:02 (BaseJdbcLogger.java:165) <==        Row: 1, chengjingming, 123456, 200000.00
TRACE [main] 2018-12-03 12:53:05 (BaseJdbcLogger.java:165) <==    Columns: goodsId, goodsName, goodsPrice, goodsNumber, date, local
TRACE [main] 2018-12-03 12:53:05 (BaseJdbcLogger.java:165) <==        Row: 1, iphone7, 5600.00, 100, 2017-08-25, Henan, China
TRACE [main] 2018-12-03 12:53:05 (BaseJdbcLogger.java:165) <==        Row: 2, iphoneX, 7899.00, 100, 2018-09-01, Henan, China
TRACE [main] 2018-12-03 12:53:05 (BaseJdbcLogger.java:165) <==        Row: 3, iphoneMAX, 8999.00, 100, 2018-09-01, Henan, China
TRACE [main] 2018-12-03 12:53:13 (BaseJdbcLogger.java:165) <==    Columns: goodsId, goodsName, goodsPrice, goodsNumber, date, local
TRACE [main] 2018-12-03 12:53:13 (BaseJdbcLogger.java:165) <==        Row: 1, iphone7, 5600.00, 100, 2017-08-25, Henan, China
TRACE [main] 2018-12-03 12:57:37 (BaseJdbcLogger.java:165) <==    Columns: count(*)
TRACE [main] 2018-12-03 12:57:37 (BaseJdbcLogger.java:165) <==        Row: 1
TRACE [main] 2018-12-03 12:57:37 (BaseJdbcLogger.java:165) <==    Columns: userId, userName, passWord, userMoney
TRACE [main] 2018-12-03 12:57:37 (BaseJdbcLogger.java:165) <==        Row: 1, chengjingming, 123456, 200000.00
TRACE [main] 2018-12-03 12:57:40 (BaseJdbcLogger.java:165) <==    Columns: goodsId, goodsName, goodsPrice, goodsNumber, date, local
TRACE [main] 2018-12-03 12:57:40 (BaseJdbcLogger.java:165) <==        Row: 1, iphone7, 5600.00, 100, 2017-08-25, Henan, China
TRACE [main] 2018-12-03 12:57:40 (BaseJdbcLogger.java:165) <==        Row: 2, iphoneX, 7899.00, 100, 2018-09-01, Henan, China
TRACE [main] 2018-12-03 12:57:40 (BaseJdbcLogger.java:165) <==        Row: 3, iphoneMAX, 8999.00, 100, 2018-09-01, Henan, China
TRACE [main] 2018-12-03 12:57:50 (BaseJdbcLogger.java:165) <==    Columns: goodsId, goodsName, goodsPrice, goodsNumber, date, local
TRACE [main] 2018-12-03 12:57:50 (BaseJdbcLogger.java:165) <==        Row: 1, iphone7, 5600.00, 100, 2017-08-25, Henan, China
TRACE [main] 2018-12-03 13:00:18 (BaseJdbcLogger.java:165) <==    Columns: count(*)
TRACE [main] 2018-12-03 13:00:18 (BaseJdbcLogger.java:165) <==        Row: 1
TRACE [main] 2018-12-03 13:00:18 (BaseJdbcLogger.java:165) <==    Columns: userId, userName, passWord, userMoney
TRACE [main] 2018-12-03 13:00:18 (BaseJdbcLogger.java:165) <==        Row: 1, chengjingming, 123456, 200000.00
TRACE [main] 2018-12-03 13:00:21 (BaseJdbcLogger.java:165) <==    Columns: goodsId, goodsName, goodsPrice, goodsNumber, date, local
TRACE [main] 2018-12-03 13:00:21 (BaseJdbcLogger.java:165) <==        Row: 1, iphone7, 5600.00, 100, 2017-08-25, Henan, China
TRACE [main] 2018-12-03 13:00:21 (BaseJdbcLogger.java:165) <==        Row: 2, iphoneX, 7899.00, 100, 2018-09-01, Henan, China
TRACE [main] 2018-12-03 13:00:21 (BaseJdbcLogger.java:165) <==        Row: 3, iphoneMAX, 8999.00, 100, 2018-09-01, Henan, China
TRACE [main] 2018-12-03 13:00:28 (BaseJdbcLogger.java:165) <==    Columns: goodsId, goodsName, goodsPrice, goodsNumber, date, local
TRACE [main] 2018-12-03 13:00:28 (BaseJdbcLogger.java:165) <==        Row: 1, iphone7, 5600.00, 100, 2017-08-25, Henan, China
TRACE [main] 2018-12-03 13:02:13 (BaseJdbcLogger.java:165) <==    Columns: count(*)
TRACE [main] 2018-12-03 13:02:13 (BaseJdbcLogger.java:165) <==        Row: 1
TRACE [main] 2018-12-03 13:02:13 (BaseJdbcLogger.java:165) <==    Columns: userId, userName, passWord, userMoney
TRACE [main] 2018-12-03 13:02:13 (BaseJdbcLogger.java:165) <==        Row: 1, chengjingming, 123456, 200000.00
TRACE [main] 2018-12-03 13:02:15 (BaseJdbcLogger.java:165) <==    Columns: goodsId, goodsName, goodsPrice, goodsNumber, date, local
TRACE [main] 2018-12-03 13:02:15 (BaseJdbcLogger.java:165) <==        Row: 1, iphone7, 5600.00, 100, 2017-08-25, Henan, China
TRACE [main] 2018-12-03 13:02:15 (BaseJdbcLogger.java:165) <==        Row: 2, iphoneX, 7899.00, 100, 2018-09-01, Henan, China
TRACE [main] 2018-12-03 13:02:15 (BaseJdbcLogger.java:165) <==        Row: 3, iphoneMAX, 8999.00, 100, 2018-09-01, Henan, China
TRACE [main] 2018-12-03 13:02:26 (BaseJdbcLogger.java:165) <==    Columns: goodsId, goodsName, goodsPrice, goodsNumber, date, local
TRACE [main] 2018-12-03 13:02:26 (BaseJdbcLogger.java:165) <==        Row: 1, iphone7, 5600.00, 100, 2017-08-25, Henan, China
TRACE [main] 2018-12-03 13:05:56 (BaseJdbcLogger.java:165) <==    Columns: count(*)
TRACE [main] 2018-12-03 13:05:56 (BaseJdbcLogger.java:165) <==        Row: 1
TRACE [main] 2018-12-03 13:05:56 (BaseJdbcLogger.java:165) <==    Columns: userId, userName, passWord, userMoney
TRACE [main] 2018-12-03 13:05:56 (BaseJdbcLogger.java:165) <==        Row: 1, chengjingming, 123456, 200000.00
TRACE [main] 2018-12-03 13:05:58 (BaseJdbcLogger.java:165) <==    Columns: goodsId, goodsName, goodsPrice, goodsNumber, date, local
TRACE [main] 2018-12-03 13:05:58 (BaseJdbcLogger.java:165) <==        Row: 1, iphone7, 5600.00, 100, 2017-08-25, Henan, China
TRACE [main] 2018-12-03 13:05:58 (BaseJdbcLogger.java:165) <==        Row: 2, iphoneX, 7899.00, 100, 2018-09-01, Henan, China
TRACE [main] 2018-12-03 13:05:58 (BaseJdbcLogger.java:165) <==        Row: 3, iphoneMAX, 8999.00, 100, 2018-09-01, Henan, China
TRACE [main] 2018-12-03 13:06:14 (BaseJdbcLogger.java:165) <==    Columns: goodsId, goodsName, goodsPrice, goodsNumber, date, local
TRACE [main] 2018-12-03 13:06:14 (BaseJdbcLogger.java:165) <==        Row: 1, iphone7, 5600.00, 100, 2017-08-25, Henan, China
TRACE [main] 2018-12-03 13:07:03 (BaseJdbcLogger.java:165) <==    Columns: count(*)
TRACE [main] 2018-12-03 13:07:03 (BaseJdbcLogger.java:165) <==        Row: 1
TRACE [main] 2018-12-03 13:07:03 (BaseJdbcLogger.java:165) <==    Columns: userId, userName, passWord, userMoney
TRACE [main] 2018-12-03 13:07:03 (BaseJdbcLogger.java:165) <==        Row: 1, chengjingming, 123456, 200000.00
TRACE [main] 2018-12-03 13:10:32 (BaseJdbcLogger.java:165) <==    Columns: count(*)
TRACE [main] 2018-12-03 13:10:32 (BaseJdbcLogger.java:165) <==        Row: 1
TRACE [main] 2018-12-03 13:10:32 (BaseJdbcLogger.java:165) <==    Columns: userId, userName, passWord, userMoney
TRACE [main] 2018-12-03 13:10:32 (BaseJdbcLogger.java:165) <==        Row: 1, chengjingming, 123456, 200000.00
TRACE [main] 2018-12-03 13:10:37 (BaseJdbcLogger.java:165) <==    Columns: goodsId, goodsName, goodsPrice, goodsNumber, date, local
TRACE [main] 2018-12-03 13:10:37 (BaseJdbcLogger.java:165) <==        Row: 1, iphone7, 5600.00, 100, 2017-08-25, Henan, China
TRACE [main] 2018-12-03 13:10:37 (BaseJdbcLogger.java:165) <==        Row: 2, iphoneX, 7899.00, 100, 2018-09-01, Henan, China
TRACE [main] 2018-12-03 13:10:37 (BaseJdbcLogger.java:165) <==        Row: 3, iphoneMAX, 8999.00, 100, 2018-09-01, Henan, China
TRACE [main] 2018-12-03 13:10:51 (BaseJdbcLogger.java:165) <==    Columns: goodsId, goodsName, goodsPrice, goodsNumber, date, local
TRACE [main] 2018-12-03 13:10:51 (BaseJdbcLogger.java:165) <==        Row: 1, iphone7, 5600.00, 100, 2017-08-25, Henan, China
TRACE [main] 2018-12-03 13:10:52 (BaseJdbcLogger.java:165) <==    Columns: shopId, goodsName, goodsNumber, goodsPrice, userName
TRACE [main] 2018-12-03 13:10:52 (BaseJdbcLogger.java:165) <==        Row: 1736696272, iphone7, 20, 5600.00, chengjingming
TRACE [main] 2018-12-03 13:14:18 (BaseJdbcLogger.java:165) <==    Columns: count(*)
TRACE [main] 2018-12-03 13:14:18 (BaseJdbcLogger.java:165) <==        Row: 1
TRACE [main] 2018-12-03 13:14:18 (BaseJdbcLogger.java:165) <==    Columns: userId, userName, passWord, userMoney
TRACE [main] 2018-12-03 13:14:18 (BaseJdbcLogger.java:165) <==        Row: 1, chengjingming, 123456, 200000.00
TRACE [main] 2018-12-03 13:14:21 (BaseJdbcLogger.java:165) <==    Columns: goodsId, goodsName, goodsPrice, goodsNumber, date, local
TRACE [main] 2018-12-03 13:14:21 (BaseJdbcLogger.java:165) <==        Row: 1, iphone7, 5600.00, 100, 2017-08-25, Henan, China
TRACE [main] 2018-12-03 13:14:21 (BaseJdbcLogger.java:165) <==        Row: 2, iphoneX, 7899.00, 100, 2018-09-01, Henan, China
TRACE [main] 2018-12-03 13:14:21 (BaseJdbcLogger.java:165) <==        Row: 3, iphoneMAX, 8999.00, 100, 2018-09-01, Henan, China
TRACE [main] 2018-12-03 13:14:33 (BaseJdbcLogger.java:165) <==    Columns: goodsId, goodsName, goodsPrice, goodsNumber, date, local
TRACE [main] 2018-12-03 13:14:33 (BaseJdbcLogger.java:165) <==        Row: 1, iphone7, 5600.00, 100, 2017-08-25, Henan, China
TRACE [main] 2018-12-03 13:14:33 (BaseJdbcLogger.java:165) <==    Columns: shopId, goodsName, goodsNumber, goodsPrice, userName
TRACE [main] 2018-12-03 13:14:33 (BaseJdbcLogger.java:165) <==        Row: 1736696272, iphone7, 20, 5600.00, chengjingming
TRACE [main] 2018-12-03 13:22:17 (BaseJdbcLogger.java:165) <==    Columns: count(*)
TRACE [main] 2018-12-03 13:22:17 (BaseJdbcLogger.java:165) <==        Row: 1
TRACE [main] 2018-12-03 13:22:18 (BaseJdbcLogger.java:165) <==    Columns: userId, userName, passWord, userMoney
TRACE [main] 2018-12-03 13:22:18 (BaseJdbcLogger.java:165) <==        Row: 1, chengjingming, 123456, 200000.00
TRACE [main] 2018-12-03 13:22:26 (BaseJdbcLogger.java:165) <==    Columns: goodsId, goodsName, goodsPrice, goodsNumber, date, local
TRACE [main] 2018-12-03 13:22:26 (BaseJdbcLogger.java:165) <==        Row: 1, iphone7, 5600.00, 100, 2017-08-25, Henan, China
TRACE [main] 2018-12-03 13:22:26 (BaseJdbcLogger.java:165) <==        Row: 2, iphoneX, 7899.00, 100, 2018-09-01, Henan, China
TRACE [main] 2018-12-03 13:22:26 (BaseJdbcLogger.java:165) <==        Row: 3, iphoneMAX, 8999.00, 100, 2018-09-01, Henan, China
TRACE [main] 2018-12-03 13:22:54 (BaseJdbcLogger.java:165) <==    Columns: goodsId, goodsName, goodsPrice, goodsNumber, date, local
TRACE [main] 2018-12-03 13:22:54 (BaseJdbcLogger.java:165) <==        Row: 1, iphone7, 5600.00, 100, 2017-08-25, Henan, China
TRACE [main] 2018-12-03 13:22:55 (BaseJdbcLogger.java:165) <==    Columns: shopId, goodsName, goodsNumber, goodsPrice, userName
TRACE [main] 2018-12-03 13:22:55 (BaseJdbcLogger.java:165) <==        Row: 1736696272, iphone7, 20, 5600.00, chengjingming
TRACE [main] 2018-12-03 13:23:31 (BaseJdbcLogger.java:165) <==    Columns: count(*)
TRACE [main] 2018-12-03 13:23:31 (BaseJdbcLogger.java:165) <==        Row: 1
TRACE [main] 2018-12-03 13:23:31 (BaseJdbcLogger.java:165) <==    Columns: userId, userName, passWord, userMoney
TRACE [main] 2018-12-03 13:23:31 (BaseJdbcLogger.java:165) <==        Row: 1, chengjingming, 123456, 200000.00
TRACE [main] 2018-12-03 13:23:39 (BaseJdbcLogger.java:165) <==    Columns: goodsName, goodsNumber, goodsPrice, userName
TRACE [main] 2018-12-03 13:23:39 (BaseJdbcLogger.java:165) <==        Row: iphone7, 30, 5600.00, chengjingming
TRACE [main] 2018-12-03 13:24:16 (BaseJdbcLogger.java:165) <==    Columns: goodsId, goodsName, goodsPrice, goodsNumber, date, local
TRACE [main] 2018-12-03 13:24:16 (BaseJdbcLogger.java:165) <==        Row: 1, iphone7, 5600.00, 100, 2017-08-25, Henan, China
TRACE [main] 2018-12-03 13:24:16 (BaseJdbcLogger.java:165) <==    Columns: shopId, goodsName, goodsNumber, goodsPrice, userName
TRACE [main] 2018-12-03 13:24:16 (BaseJdbcLogger.java:165) <==        Row: 1736696272, iphone7, 30, 5600.00, chengjingming
TRACE [main] 2018-12-03 13:25:21 (BaseJdbcLogger.java:165) <==    Columns: count(*)
TRACE [main] 2018-12-03 13:25:21 (BaseJdbcLogger.java:165) <==        Row: 1
TRACE [main] 2018-12-03 13:25:21 (BaseJdbcLogger.java:165) <==    Columns: userId, userName, passWord, userMoney
TRACE [main] 2018-12-03 13:25:21 (BaseJdbcLogger.java:165) <==        Row: 1, chengjingming, 123456, 200000.00
TRACE [main] 2018-12-03 13:25:31 (BaseJdbcLogger.java:165) <==    Columns: goodsName, goodsNumber, goodsPrice, userName
TRACE [main] 2018-12-03 13:25:31 (BaseJdbcLogger.java:165) <==        Row: iphone7, 50, 5600.00, chengjingming
TRACE [main] 2018-12-03 13:32:34 (BaseJdbcLogger.java:165) <==    Columns: count(*)
TRACE [main] 2018-12-03 13:32:34 (BaseJdbcLogger.java:165) <==        Row: 1
TRACE [main] 2018-12-03 13:32:34 (BaseJdbcLogger.java:165) <==    Columns: userId, userName, passWord, userMoney
TRACE [main] 2018-12-03 13:32:34 (BaseJdbcLogger.java:165) <==        Row: 1, chengjingming, 123456, 200000.00
TRACE [main] 2018-12-03 13:32:40 (BaseJdbcLogger.java:165) <==    Columns: goodsId, goodsName, goodsPrice, goodsNumber, date, local
TRACE [main] 2018-12-03 13:32:40 (BaseJdbcLogger.java:165) <==        Row: 1, iphone7, 5600.00, 100, 2017-08-25, Henan, China
TRACE [main] 2018-12-03 13:32:40 (BaseJdbcLogger.java:165) <==        Row: 2, iphoneX, 7899.00, 100, 2018-09-01, Henan, China
TRACE [main] 2018-12-03 13:32:40 (BaseJdbcLogger.java:165) <==        Row: 3, iphoneMAX, 8999.00, 100, 2018-09-01, Henan, China
TRACE [main] 2018-12-03 13:32:53 (BaseJdbcLogger.java:165) <==    Columns: goodsId, goodsName, goodsPrice, goodsNumber, date, local
TRACE [main] 2018-12-03 13:32:53 (BaseJdbcLogger.java:165) <==        Row: 1, iphone7, 5600.00, 100, 2017-08-25, Henan, China
TRACE [main] 2018-12-03 13:32:54 (BaseJdbcLogger.java:165) <==    Columns: shopId, goodsName, goodsNumber, goodsPrice, userName
TRACE [main] 2018-12-03 13:32:54 (BaseJdbcLogger.java:165) <==        Row: 1736696272, iphone7, 50, 5600.00, chengjingming
TRACE [main] 2018-12-03 13:37:14 (BaseJdbcLogger.java:165) <==    Columns: count(*)
TRACE [main] 2018-12-03 13:37:14 (BaseJdbcLogger.java:165) <==        Row: 1
TRACE [main] 2018-12-03 13:37:14 (BaseJdbcLogger.java:165) <==    Columns: userId, userName, passWord, userMoney
TRACE [main] 2018-12-03 13:37:14 (BaseJdbcLogger.java:165) <==        Row: 1, chengjingming, 123456, 200000.00
TRACE [main] 2018-12-03 13:37:21 (BaseJdbcLogger.java:165) <==    Columns: goodsId, goodsName, goodsPrice, goodsNumber, date, local
TRACE [main] 2018-12-03 13:37:21 (BaseJdbcLogger.java:165) <==        Row: 1, iphone7, 5600.00, 100, 2017-08-25, Henan, China
TRACE [main] 2018-12-03 13:37:21 (BaseJdbcLogger.java:165) <==        Row: 2, iphoneX, 7899.00, 100, 2018-09-01, Henan, China
TRACE [main] 2018-12-03 13:37:21 (BaseJdbcLogger.java:165) <==        Row: 3, iphoneMAX, 8999.00, 100, 2018-09-01, Henan, China
TRACE [main] 2018-12-03 13:37:54 (BaseJdbcLogger.java:165) <==    Columns: count(*)
TRACE [main] 2018-12-03 13:37:54 (BaseJdbcLogger.java:165) <==        Row: 1
TRACE [main] 2018-12-03 13:37:54 (BaseJdbcLogger.java:165) <==    Columns: userId, userName, passWord, userMoney
TRACE [main] 2018-12-03 13:37:54 (BaseJdbcLogger.java:165) <==        Row: 1, chengjingming, 123456, 200000.00
TRACE [main] 2018-12-03 13:37:56 (BaseJdbcLogger.java:165) <==    Columns: goodsId, goodsName, goodsPrice, goodsNumber, date, local
TRACE [main] 2018-12-03 13:37:56 (BaseJdbcLogger.java:165) <==        Row: 1, iphone7, 5600.00, 100, 2017-08-25, Henan, China
TRACE [main] 2018-12-03 13:37:56 (BaseJdbcLogger.java:165) <==        Row: 2, iphoneX, 7899.00, 100, 2018-09-01, Henan, China
TRACE [main] 2018-12-03 13:37:56 (BaseJdbcLogger.java:165) <==        Row: 3, iphoneMAX, 8999.00, 100, 2018-09-01, Henan, China
TRACE [main] 2018-12-03 13:38:07 (BaseJdbcLogger.java:165) <==    Columns: goodsId, goodsName, goodsPrice, goodsNumber, date, local
TRACE [main] 2018-12-03 13:38:07 (BaseJdbcLogger.java:165) <==        Row: 1, iphone7, 5600.00, 100, 2017-08-25, Henan, China
TRACE [main] 2018-12-03 13:38:08 (BaseJdbcLogger.java:165) <==    Columns: shopId, goodsName, goodsNumber, goodsPrice, userName
TRACE [main] 2018-12-03 13:38:08 (BaseJdbcLogger.java:165) <==        Row: 1736696272, iphone7, 51, 5600.00, chengjingming
TRACE [main] 2018-12-03 13:38:31 (BaseJdbcLogger.java:165) <==    Columns: goodsName, goodsNumber, goodsPrice, userName
TRACE [main] 2018-12-03 13:38:31 (BaseJdbcLogger.java:165) <==        Row: iphone7, 53, 5600.00, chengjingming
TRACE [main] 2018-12-03 13:39:30 (BaseJdbcLogger.java:165) <==    Columns: goodsId, goodsName, goodsPrice, goodsNumber, date, local
TRACE [main] 2018-12-03 13:39:30 (BaseJdbcLogger.java:165) <==        Row: 1, iphone7, 5600.00, 100, 2017-08-25, Henan, China
TRACE [main] 2018-12-03 13:39:30 (BaseJdbcLogger.java:165) <==    Columns: shopId, goodsName, goodsNumber, goodsPrice, userName
TRACE [main] 2018-12-03 13:39:30 (BaseJdbcLogger.java:165) <==        Row: 1736696272, iphone7, 53, 5600.00, chengjingming
TRACE [main] 2018-12-03 13:53:54 (BaseJdbcLogger.java:165) <==    Columns: count(*)
TRACE [main] 2018-12-03 13:53:54 (BaseJdbcLogger.java:165) <==        Row: 1
TRACE [main] 2018-12-03 13:53:54 (BaseJdbcLogger.java:165) <==    Columns: userId, userName, passWord, userMoney
TRACE [main] 2018-12-03 13:53:54 (BaseJdbcLogger.java:165) <==        Row: 1, chengjingming, 123456, 200000.00
TRACE [main] 2018-12-03 13:54:43 (BaseJdbcLogger.java:165) <==    Columns: goodsName, goodsNumber, goodsPrice, userName
TRACE [main] 2018-12-03 13:54:43 (BaseJdbcLogger.java:165) <==        Row: iphone7, 10, 5600.00, chengjingming
TRACE [main] 2018-12-03 13:55:02 (BaseJdbcLogger.java:165) <==    Columns: goodsNumber*goodsPrice
TRACE [main] 2018-12-03 13:55:02 (BaseJdbcLogger.java:165) <==        Row: 56000.00
TRACE [main] 2018-12-03 14:06:33 (BaseJdbcLogger.java:165) <==    Columns: count(*)
TRACE [main] 2018-12-03 14:06:33 (BaseJdbcLogger.java:165) <==        Row: 1
TRACE [main] 2018-12-03 14:06:33 (BaseJdbcLogger.java:165) <==    Columns: userId, userName, passWord, userMoney
TRACE [main] 2018-12-03 14:06:33 (BaseJdbcLogger.java:165) <==        Row: 1, chengjingming, 123456, 144000.00
TRACE [main] 2018-12-03 14:06:39 (BaseJdbcLogger.java:165) <==    Columns: name
TRACE [main] 2018-12-03 14:06:39 (BaseJdbcLogger.java:165) <==        Row: chengjingming
TRACE [main] 2018-12-03 14:06:39 (BaseJdbcLogger.java:165) <==    Columns: passWord
TRACE [main] 2018-12-03 14:06:39 (BaseJdbcLogger.java:165) <==        Row: 123456
TRACE [main] 2018-12-03 15:43:52 (BaseJdbcLogger.java:165) <==    Columns: count(*)
TRACE [main] 2018-12-03 15:43:52 (BaseJdbcLogger.java:165) <==        Row: 0
TRACE [main] 2018-12-03 15:44:01 (BaseJdbcLogger.java:165) <==    Columns: count(*)
TRACE [main] 2018-12-03 15:44:01 (BaseJdbcLogger.java:165) <==        Row: 0
TRACE [main] 2018-12-03 15:44:17 (BaseJdbcLogger.java:165) <==    Columns: count(*)
TRACE [main] 2018-12-03 15:44:17 (BaseJdbcLogger.java:165) <==        Row: 1
TRACE [main] 2018-12-03 15:44:17 (BaseJdbcLogger.java:165) <==    Columns: userId, userName, passWord, userMoney
TRACE [main] 2018-12-03 15:44:17 (BaseJdbcLogger.java:165) <==        Row: 1, chengjingming, 123, 144000.00
TRACE [main] 2018-12-03 15:45:03 (BaseJdbcLogger.java:165) <==    Columns: shopId, goodsName, goodsNumber, goodsPrice, userName
TRACE [main] 2018-12-03 15:45:03 (BaseJdbcLogger.java:165) <==        Row: 1736696272, iphone7, 10, 5600.00, chengjingming
TRACE [main] 2018-12-03 15:47:33 (BaseJdbcLogger.java:165) <==    Columns: count(*)
TRACE [main] 2018-12-03 15:47:33 (BaseJdbcLogger.java:165) <==        Row: 1
TRACE [main] 2018-12-03 15:47:33 (BaseJdbcLogger.java:165) <==    Columns: userId, userName, passWord, userMoney
TRACE [main] 2018-12-03 15:47:33 (BaseJdbcLogger.java:165) <==        Row: 1, chengjingming, 123, 144000.00
TRACE [main] 2018-12-03 15:47:47 (BaseJdbcLogger.java:165) <==    Columns: shopId, goodsName, goodsNumber, goodsPrice, userName
TRACE [main] 2018-12-03 15:47:47 (BaseJdbcLogger.java:165) <==        Row: 1736696272, iphone7, 10, 5600.00, chengjingming
TRACE [main] 2018-12-03 15:47:48 (BaseJdbcLogger.java:165) <==    Columns: iocationId, iocation, iocationName, iocationPhone, UserName
TRACE [main] 2018-12-03 15:47:48 (BaseJdbcLogger.java:165) <==        Row: 1, 昆山市玉山镇名仕大厦, 程井明, 15618816266, chengjingming
TRACE [main] 2018-12-03 15:48:48 (BaseJdbcLogger.java:165) <==    Columns: count(*)
TRACE [main] 2018-12-03 15:48:48 (BaseJdbcLogger.java:165) <==        Row: 1
TRACE [main] 2018-12-03 15:48:49 (BaseJdbcLogger.java:165) <==    Columns: userId, userName, passWord, userMoney
TRACE [main] 2018-12-03 15:48:49 (BaseJdbcLogger.java:165) <==        Row: 1, chengjingming, 123, 144000.00
TRACE [main] 2018-12-03 15:49:03 (BaseJdbcLogger.java:165) <==    Columns: shopId, goodsName, goodsNumber, goodsPrice, userName
TRACE [main] 2018-12-03 15:49:03 (BaseJdbcLogger.java:165) <==        Row: 1736696272, iphone7, 10, 5600.00, chengjingming
TRACE [main] 2018-12-03 15:49:04 (BaseJdbcLogger.java:165) <==    Columns: iocationId, iocation, iocationName, iocationPhone, UserName
TRACE [main] 2018-12-03 15:49:04 (BaseJdbcLogger.java:165) <==        Row: 1, 昆山市玉山镇名仕大厦, 程井明, 15618816266, chengjingming
TRACE [main] 2018-12-03 15:55:43 (BaseJdbcLogger.java:165) <==    Columns: count(*)
TRACE [main] 2018-12-03 15:55:43 (BaseJdbcLogger.java:165) <==        Row: 1
TRACE [main] 2018-12-03 15:55:43 (BaseJdbcLogger.java:165) <==    Columns: userId, userName, passWord, userMoney
TRACE [main] 2018-12-03 15:55:43 (BaseJdbcLogger.java:165) <==        Row: 1, chengjingming, 123, 144000.00
TRACE [main] 2018-12-03 15:55:49 (BaseJdbcLogger.java:165) <==    Columns: goodsName, goodsNumber, goodsPrice, userName
TRACE [main] 2018-12-03 15:55:49 (BaseJdbcLogger.java:165) <==        Row: iphone7, 10, 5600.00, chengjingming
TRACE [main] 2018-12-03 15:59:23 (BaseJdbcLogger.java:165) <==    Columns: count(*)
TRACE [main] 2018-12-03 15:59:23 (BaseJdbcLogger.java:165) <==        Row: 0
TRACE [main] 2018-12-03 15:59:30 (BaseJdbcLogger.java:165) <==    Columns: count(*)
TRACE [main] 2018-12-03 15:59:30 (BaseJdbcLogger.java:165) <==        Row: 1
TRACE [main] 2018-12-03 15:59:30 (BaseJdbcLogger.java:165) <==    Columns: userId, userName, passWord, userMoney
TRACE [main] 2018-12-03 15:59:30 (BaseJdbcLogger.java:165) <==        Row: 1, chengjingming, 123, 144000.00
TRACE [main] 2018-12-03 15:59:35 (BaseJdbcLogger.java:165) <==    Columns: orderId, goodsName, goodsNumber, orderPrice, iocation, orderUserId, dateTime, orderUserName
TRACE [main] 2018-12-03 15:59:35 (BaseJdbcLogger.java:165) <==        Row: 0, iphone7, 10, 5600.00, 1, 1, 2018-12-03 15:49:04.0, chengjingming
TRACE [main] 2018-12-03 21:28:06 (BaseJdbcLogger.java:165) <==    Columns: count(*)
TRACE [main] 2018-12-03 21:28:06 (BaseJdbcLogger.java:165) <==        Row: 0
TRACE [main] 2018-12-03 21:28:13 (BaseJdbcLogger.java:165) <==    Columns: count(*)
TRACE [main] 2018-12-03 21:28:13 (BaseJdbcLogger.java:165) <==        Row: 1
TRACE [main] 2018-12-03 21:28:13 (BaseJdbcLogger.java:165) <==    Columns: userId, userName, passWord, userMoney
TRACE [main] 2018-12-03 21:28:13 (BaseJdbcLogger.java:165) <==        Row: 1, chengjingming, 123, 144000.00
TRACE [main] 2018-12-03 21:32:58 (BaseJdbcLogger.java:165) <==    Columns: count(*)
TRACE [main] 2018-12-03 21:32:58 (BaseJdbcLogger.java:165) <==        Row: 1
TRACE [main] 2018-12-03 21:32:58 (BaseJdbcLogger.java:165) <==    Columns: userId, userName, passWord, userMoney
TRACE [main] 2018-12-03 21:32:58 (BaseJdbcLogger.java:165) <==        Row: 1, chengjingming, 123, 144000.00
TRACE [main] 2018-12-03 21:33:04 (BaseJdbcLogger.java:165) <==    Columns: orderId, orderUserName, goodsName, orderPrice, goodsNumber, dateTime, iocationName, iocationPhone, iocation
TRACE [main] 2018-12-03 21:33:04 (BaseJdbcLogger.java:165) <==        Row: 1, chengjingming, iphone7, 5600.00, 10, 2018-12-03 16:12:51.0, 程井明, 15618816266, 昆山市玉山镇名仕大厦
TRACE [main] 2018-12-03 21:33:12 (BaseJdbcLogger.java:165) <==    Columns: orderId, orderUserName, goodsName, orderPrice, goodsNumber, dateTime, iocationName, iocationPhone, iocation
TRACE [main] 2018-12-03 21:33:12 (BaseJdbcLogger.java:165) <==        Row: 1, chengjingming, iphone7, 5600.00, 10, 2018-12-03 16:12:51.0, 程井明, 15618816266, 昆山市玉山镇名仕大厦
TRACE [main] 2018-12-03 21:36:08 (BaseJdbcLogger.java:165) <==    Columns: orderId, orderUserName, goodsName, orderPrice, goodsNumber, dateTime, iocationName, iocationPhone, iocation
TRACE [main] 2018-12-03 21:36:08 (BaseJdbcLogger.java:165) <==        Row: 1, chengjingming, iphone7, 5600.00, 10, 2018-12-03 16:12:51.0, 程井明, 15618816266, 昆山市玉山镇名仕大厦
TRACE [main] 2018-12-03 21:38:39 (BaseJdbcLogger.java:165) <==    Columns: orderId, orderUserName, goodsName, orderPrice, goodsNumber, dateTime, iocationName, iocationPhone, iocation
TRACE [main] 2018-12-03 21:38:39 (BaseJdbcLogger.java:165) <==        Row: 1, chengjingming, iphone7, 5600.00, 10, 2018-12-03 16:12:51.0, 程井明, 15618816266, 昆山市玉山镇名仕大厦
TRACE [main] 2018-12-04 17:26:15 (BaseJdbcLogger.java:165) <==    Columns: count(*)
TRACE [main] 2018-12-04 17:26:15 (BaseJdbcLogger.java:165) <==        Row: 1
TRACE [main] 2018-12-04 17:26:16 (BaseJdbcLogger.java:165) <==    Columns: userId, userName, passWord, userMoney
TRACE [main] 2018-12-04 17:26:16 (BaseJdbcLogger.java:165) <==        Row: 1990916825, chengjingming, 123456, 000000000000000000000000000000000000000000000000000000000000000000000000000000000000000000000000000000000000000000000000000000000000000000000000000000000000000000000000000000000000000000000000000000000000000000000000000000000000000000000000000000000000.00
TRACE [main] 2018-12-04 17:28:31 (BaseJdbcLogger.java:165) <==    Columns: count(*)
TRACE [main] 2018-12-04 17:28:31 (BaseJdbcLogger.java:165) <==        Row: 1
TRACE [main] 2018-12-04 17:28:32 (BaseJdbcLogger.java:165) <==    Columns: userId, userName, passWord, userMoney
TRACE [main] 2018-12-04 17:28:32 (BaseJdbcLogger.java:165) <==        Row: 1990916825, chengjingming, 123456, 0.00
TRACE [main] 2018-12-04 17:28:35 (BaseJdbcLogger.java:165) <==    Columns: goodsId, goodsName, goodsPrice, goodsNumber, date, local
TRACE [main] 2018-12-04 17:28:35 (BaseJdbcLogger.java:165) <==        Row: 1, 小米1, 999.00, 50, 2018-05-06, Foxconn, Henan, China
TRACE [main] 2018-12-04 17:28:35 (BaseJdbcLogger.java:165) <==        Row: 2, 小米2, 1299.00, 50, 2018-12-04, Foxconn, Henan, China
TRACE [main] 2018-12-04 17:28:35 (BaseJdbcLogger.java:165) <==        Row: 3, 小米note, 1999.00, 30, 2018-09-19, Foxconn, Henan, China
TRACE [main] 2018-12-04 17:28:35 (BaseJdbcLogger.java:165) <==        Row: 4, 红米1, 799.00, 60, 2018-12-04, Foxconn, Henan, China
TRACE [main] 2018-12-04 17:28:35 (BaseJdbcLogger.java:165) <==        Row: 5, 三星S9, 3699.00, 20, 2018-07-25, 

Samsung plant in China

TRACE [main] 2018-12-04 17:28:35 (BaseJdbcLogger.java:165) <==        Row: 6, 三星note9, 6999.00, 10, 2018-12-04, 

Samsung plant in China

TRACE [main] 2018-12-04 17:28:35 (BaseJdbcLogger.java:165) <==        Row: 7, iphoneX, 6899.00, 10, 2018-12-04, Foxconn Shenzhen, China
TRACE [main] 2018-12-04 17:28:35 (BaseJdbcLogger.java:165) <==        Row: 8, iphoneMax, 8999.00, 10, 2018-12-04, Foxconn Shenzhen, China
TRACE [main] 2018-12-04 17:28:35 (BaseJdbcLogger.java:165) <==        Row: 9, phoneXMax, 9999.00, 10, 2018-12-04, Foxconn Shenzhen, China
TRACE [main] 2018-12-04 17:29:14 (BaseJdbcLogger.java:165) <==    Columns: goodsId, goodsName, goodsPrice, goodsNumber, date, local
TRACE [main] 2018-12-04 17:29:14 (BaseJdbcLogger.java:165) <==        Row: 5, 三星S9, 3699.00, 20, 2018-07-25, 

Samsung plant in China

TRACE [main] 2018-12-04 17:29:48 (BaseJdbcLogger.java:165) <==    Columns: goodsName, goodsNumber, goodsPrice, userName
TRACE [main] 2018-12-04 17:29:48 (BaseJdbcLogger.java:165) <==        Row: 三星S9, 5, 3699.00, chengjingming
TRACE [main] 2018-12-04 17:30:10 (BaseJdbcLogger.java:165) <==    Columns: shopId, goodsName, goodsNumber, goodsPrice, userName
TRACE [main] 2018-12-04 17:30:10 (BaseJdbcLogger.java:165) <==        Row: 605750535, 三星S9, 5, 3699.00, chengjingming
TRACE [main] 2018-12-04 17:33:15 (BaseJdbcLogger.java:165) <==    Columns: count(*)
TRACE [main] 2018-12-04 17:33:15 (BaseJdbcLogger.java:165) <==        Row: 1
TRACE [main] 2018-12-04 17:33:15 (BaseJdbcLogger.java:165) <==    Columns: userId, userName, passWord, userMoney
TRACE [main] 2018-12-04 17:33:15 (BaseJdbcLogger.java:165) <==        Row: 1990916825, chengjingming, 123456, 0.00
TRACE [main] 2018-12-04 17:33:29 (BaseJdbcLogger.java:165) <==    Columns: goodsName, goodsNumber, goodsPrice, userName
TRACE [main] 2018-12-04 17:33:29 (BaseJdbcLogger.java:165) <==        Row: 三星S9, 5, 3699.00, chengjingming
TRACE [main] 2018-12-04 17:33:57 (BaseJdbcLogger.java:165) <==    Columns: shopId, goodsName, goodsNumber, goodsPrice, userName
TRACE [main] 2018-12-04 17:33:57 (BaseJdbcLogger.java:165) <==        Row: 605750535, 三星S9, 5, 3699.00, chengjingming
TRACE [main] 2018-12-04 17:37:42 (BaseJdbcLogger.java:165) <==    Columns: count(*)
TRACE [main] 2018-12-04 17:37:42 (BaseJdbcLogger.java:165) <==        Row: 1
TRACE [main] 2018-12-04 17:37:42 (BaseJdbcLogger.java:165) <==    Columns: userId, userName, passWord, userMoney
TRACE [main] 2018-12-04 17:37:42 (BaseJdbcLogger.java:165) <==        Row: 1990916825, chengjingming, 123456, 0.00
TRACE [main] 2018-12-04 17:37:48 (BaseJdbcLogger.java:165) <==    Columns: goodsName, goodsNumber, goodsPrice, userName
TRACE [main] 2018-12-04 17:37:48 (BaseJdbcLogger.java:165) <==        Row: 三星S9, 5, 3699.00, chengjingming
TRACE [main] 2018-12-04 17:38:11 (BaseJdbcLogger.java:165) <==    Columns: shopId, goodsName, goodsNumber, goodsPrice, userName
TRACE [main] 2018-12-04 17:38:11 (BaseJdbcLogger.java:165) <==        Row: 605750535, 三星S9, 5, 3699.00, chengjingming
TRACE [main] 2018-12-04 17:41:18 (BaseJdbcLogger.java:165) <==    Columns: count(*)
TRACE [main] 2018-12-04 17:41:18 (BaseJdbcLogger.java:165) <==        Row: 1
TRACE [main] 2018-12-04 17:41:18 (BaseJdbcLogger.java:165) <==    Columns: userId, userName, passWord, userMoney
TRACE [main] 2018-12-04 17:41:18 (BaseJdbcLogger.java:165) <==        Row: 1990916825, chengjingming, 123456, 0.00
TRACE [main] 2018-12-04 17:41:21 (BaseJdbcLogger.java:165) <==    Columns: goodsName, goodsNumber, goodsPrice, userName
TRACE [main] 2018-12-04 17:41:21 (BaseJdbcLogger.java:165) <==        Row: 三星S9, 5, 3699.00, chengjingming
TRACE [main] 2018-12-04 17:41:45 (BaseJdbcLogger.java:165) <==    Columns: shopId, goodsName, goodsNumber, goodsPrice, userName
TRACE [main] 2018-12-04 17:41:45 (BaseJdbcLogger.java:165) <==        Row: 605750535, 三星S9, 5, 3699.00, chengjingming
TRACE [main] 2018-12-04 17:46:05 (BaseJdbcLogger.java:165) <==    Columns: count(*)
TRACE [main] 2018-12-04 17:46:05 (BaseJdbcLogger.java:165) <==        Row: 1
TRACE [main] 2018-12-04 17:46:05 (BaseJdbcLogger.java:165) <==    Columns: userId, userName, passWord, userMoney
TRACE [main] 2018-12-04 17:46:05 (BaseJdbcLogger.java:165) <==        Row: 1990916825, chengjingming, 123456, 0.00
TRACE [main] 2018-12-04 17:48:42 (BaseJdbcLogger.java:165) <==    Columns: count(*)
TRACE [main] 2018-12-04 17:48:42 (BaseJdbcLogger.java:165) <==        Row: 1
TRACE [main] 2018-12-04 17:48:43 (BaseJdbcLogger.java:165) <==    Columns: userId, userName, passWord, userMoney
TRACE [main] 2018-12-04 17:48:43 (BaseJdbcLogger.java:165) <==        Row: 1990916825, chengjingming, 123456, 0.00
TRACE [main] 2018-12-04 17:48:46 (BaseJdbcLogger.java:165) <==    Columns: orderId, orderUserName, goodsName, orderPrice, goodsNumber, dateTime, iocationName, iocationPhone, iocation
TRACE [main] 2018-12-04 17:48:46 (BaseJdbcLogger.java:165) <==        Row: 1571590224, chengjingming, 三星S9, 3699.00, 5, 2018-12-04 17:41:45.0, 程井明, 15618816266, 昆山市玉山镇名仕大厦
TRACE [main] 2018-12-04 17:51:19 (BaseJdbcLogger.java:165) <==    Columns: orderId, goodsName, goodsNumber, orderPrice, iocationId, dateTime, orderUserName
TRACE [main] 2018-12-04 17:51:19 (BaseJdbcLogger.java:165) <==        Row: 1571590224, 三星S9, 5, 3699.00, 1, 2018-12-04 17:41:45.0, chengjingming
TRACE [main] 2018-12-04 17:51:50 (BaseJdbcLogger.java:165) <==    Columns: count(*)
TRACE [main] 2018-12-04 17:51:50 (BaseJdbcLogger.java:165) <==        Row: 1
TRACE [main] 2018-12-04 17:51:50 (BaseJdbcLogger.java:165) <==    Columns: userId, userName, passWord, userMoney
TRACE [main] 2018-12-04 17:51:50 (BaseJdbcLogger.java:165) <==        Row: 1990916825, chengjingming, 123456, 0.00
TRACE [main] 2018-12-04 17:51:53 (BaseJdbcLogger.java:165) <==    Columns: orderId, orderUserName, goodsName, orderPrice, goodsNumber, dateTime, iocationName, iocationPhone, iocation
TRACE [main] 2018-12-04 17:51:53 (BaseJdbcLogger.java:165) <==        Row: 1571590224, chengjingming, 三星S9, 3699.00, 5, 2018-12-04 17:41:45.0, 程井明, 15618816266, 昆山市玉山镇名仕大厦
TRACE [main] 2018-12-04 17:52:18 (BaseJdbcLogger.java:165) <==    Columns: orderId, goodsName, goodsNumber, orderPrice, iocationId, dateTime, orderUserName
TRACE [main] 2018-12-04 17:52:18 (BaseJdbcLogger.java:165) <==        Row: 1571590224, 三星S9, 5, 3699.00, 1, 2018-12-04 17:41:45.0, chengjingming
TRACE [main] 2018-12-04 17:54:05 (BaseJdbcLogger.java:165) <==    Columns: count(*)
TRACE [main] 2018-12-04 17:54:05 (BaseJdbcLogger.java:165) <==        Row: 1
TRACE [main] 2018-12-04 17:54:05 (BaseJdbcLogger.java:165) <==    Columns: userId, userName, passWord, userMoney
TRACE [main] 2018-12-04 17:54:05 (BaseJdbcLogger.java:165) <==        Row: 1990916825, chengjingming, 123456, 0.00
TRACE [main] 2018-12-04 17:54:10 (BaseJdbcLogger.java:165) <==    Columns: orderId, orderUserName, goodsName, orderPrice, goodsNumber, dateTime, iocationName, iocationPhone, iocation
TRACE [main] 2018-12-04 17:54:10 (BaseJdbcLogger.java:165) <==        Row: 1571590224, chengjingming, 三星S9, 3699.00, 5, 2018-12-04 17:41:45.0, 程井明, 15618816266, 昆山市玉山镇名仕大厦
TRACE [main] 2018-12-04 17:54:21 (BaseJdbcLogger.java:165) <==    Columns: orderId, goodsName, goodsNumber, orderPrice, iocationId, dateTime, orderUserName
TRACE [main] 2018-12-04 17:54:21 (BaseJdbcLogger.java:165) <==        Row: 1571590224, 三星S9, 5, 3699.00, 1, 2018-12-04 17:41:45.0, chengjingming
TRACE [main] 2018-12-04 17:56:49 (BaseJdbcLogger.java:165) <==    Columns: count(*)
TRACE [main] 2018-12-04 17:56:49 (BaseJdbcLogger.java:165) <==        Row: 1
TRACE [main] 2018-12-04 17:56:49 (BaseJdbcLogger.java:165) <==    Columns: userId, userName, passWord, userMoney
TRACE [main] 2018-12-04 17:56:49 (BaseJdbcLogger.java:165) <==        Row: 1990916825, chengjingming, 123456, 0.00
TRACE [main] 2018-12-04 17:56:52 (BaseJdbcLogger.java:165) <==    Columns: orderId, orderUserName, goodsName, orderPrice, goodsNumber, dateTime, iocationName, iocationPhone, iocation
TRACE [main] 2018-12-04 17:56:52 (BaseJdbcLogger.java:165) <==        Row: 1571590224, chengjingming, 三星S9, 3699.00, 5, 2018-12-04 17:41:45.0, 程井明, 15618816266, 昆山市玉山镇名仕大厦
TRACE [main] 2018-12-04 17:57:32 (BaseJdbcLogger.java:165) <==    Columns: orderId, goodsName, goodsNumber, orderPrice, iocationId, dateTime, orderUserName
TRACE [main] 2018-12-04 17:57:32 (BaseJdbcLogger.java:165) <==        Row: 1571590224, 三星S9, 5, 3699.00, 1, 2018-12-04 17:41:45.0, chengjingming
TRACE [main] 2018-12-04 17:59:00 (BaseJdbcLogger.java:165) <==    Columns: count(*)
TRACE [main] 2018-12-04 17:59:00 (BaseJdbcLogger.java:165) <==        Row: 1
TRACE [main] 2018-12-04 17:59:01 (BaseJdbcLogger.java:165) <==    Columns: userId, userName, passWord, userMoney
TRACE [main] 2018-12-04 17:59:01 (BaseJdbcLogger.java:165) <==        Row: 1990916825, chengjingming, 123456, 0.00
TRACE [main] 2018-12-04 17:59:04 (BaseJdbcLogger.java:165) <==    Columns: orderId, orderUserName, goodsName, orderPrice, goodsNumber, dateTime, iocationName, iocationPhone, iocation
TRACE [main] 2018-12-04 17:59:04 (BaseJdbcLogger.java:165) <==        Row: 1571590224, chengjingming, 三星S9, 3699.00, 5, 2018-12-04 17:41:45.0, 程井明, 15618816266, 昆山市玉山镇名仕大厦
TRACE [main] 2018-12-04 17:59:14 (BaseJdbcLogger.java:165) <==    Columns: orderId, goodsName, goodsNumber, orderPrice, iocationId, dateTime, orderUserName
TRACE [main] 2018-12-04 17:59:14 (BaseJdbcLogger.java:165) <==        Row: 1571590224, 三星S9, 5, 3699.00, 1, 2018-12-04 17:41:45.0, chengjingming
TRACE [main] 2018-12-04 17:59:15 (BaseJdbcLogger.java:165) <==    Columns: orderPrice*goodsNumber
TRACE [main] 2018-12-04 17:59:15 (BaseJdbcLogger.java:165) <==        Row: 18495.00
TRACE [main] 2018-12-04 18:20:16 (BaseJdbcLogger.java:165) <==    Columns: count(*)
TRACE [main] 2018-12-04 18:20:16 (BaseJdbcLogger.java:165) <==        Row: 1
TRACE [main] 2018-12-04 18:20:16 (BaseJdbcLogger.java:165) <==    Columns: userId, userName, passWord, userMoney
TRACE [main] 2018-12-04 18:20:16 (BaseJdbcLogger.java:165) <==        Row: 1990916825, chengjingming, 123456, 0.00
TRACE [main] 2018-12-04 18:20:52 (BaseJdbcLogger.java:165) <==    Columns: count(*)
TRACE [main] 2018-12-04 18:20:52 (BaseJdbcLogger.java:165) <==        Row: 1
TRACE [main] 2018-12-04 18:20:52 (BaseJdbcLogger.java:165) <==    Columns: userId, userName, passWord, userMoney
TRACE [main] 2018-12-04 18:20:52 (BaseJdbcLogger.java:165) <==        Row: 1990916825, chengjingming, 123456, 10000.00
TRACE [main] 2018-12-04 18:21:18 (BaseJdbcLogger.java:165) <==    Columns: count(*)
TRACE [main] 2018-12-04 18:21:18 (BaseJdbcLogger.java:165) <==        Row: 1
TRACE [main] 2018-12-04 18:21:18 (BaseJdbcLogger.java:165) <==    Columns: userId, userName, passWord, userMoney
TRACE [main] 2018-12-04 18:21:18 (BaseJdbcLogger.java:165) <==        Row: 1990916825, chengjingming, 123456, 10000.00
TRACE [main] 2018-12-04 18:23:41 (BaseJdbcLogger.java:165) <==    Columns: count(*)
TRACE [main] 2018-12-04 18:23:41 (BaseJdbcLogger.java:165) <==        Row: 1
TRACE [main] 2018-12-04 18:23:41 (BaseJdbcLogger.java:165) <==    Columns: userId, userName, passWord, userMoney
TRACE [main] 2018-12-04 18:23:41 (BaseJdbcLogger.java:165) <==        Row: 1990916825, chengjingming, 123456, 1.00
TRACE [main] 2018-12-04 18:26:44 (BaseJdbcLogger.java:165) <==    Columns: count(*)
TRACE [main] 2018-12-04 18:26:44 (BaseJdbcLogger.java:165) <==        Row: 1
TRACE [main] 2018-12-04 18:26:45 (BaseJdbcLogger.java:165) <==    Columns: userId, userName, passWord, userMoney
TRACE [main] 2018-12-04 18:26:45 (BaseJdbcLogger.java:165) <==        Row: 1990916825, chengjingming, 123456, 1.00
TRACE [main] 2018-12-04 18:27:10 (BaseJdbcLogger.java:165) <==    Columns: orderId, orderUserName, goodsName, orderPrice, goodsNumber, dateTime, iocationName, iocationPhone, iocation
TRACE [main] 2018-12-04 18:27:10 (BaseJdbcLogger.java:165) <==        Row: 1571590224, chengjingming, 三星S9, 3699.00, 5, 2018-12-04 17:41:45.0, 程井明, 15618816266, 昆山市玉山镇名仕大厦
TRACE [main] 2018-12-04 18:27:31 (BaseJdbcLogger.java:165) <==    Columns: orderId, orderUserName, goodsName, orderPrice, goodsNumber, dateTime, iocationName, iocationPhone, iocation
TRACE [main] 2018-12-04 18:27:31 (BaseJdbcLogger.java:165) <==        Row: 1571590224, chengjingming, 三星S9, 3699.00, 5, 2018-12-04 17:41:45.0, 程井明, 15618816266, 昆山市玉山镇名仕大厦
TRACE [main] 2018-12-04 18:27:44 (BaseJdbcLogger.java:165) <==    Columns: orderId, goodsName, goodsNumber, orderPrice, iocationId, dateTime, orderUserName
TRACE [main] 2018-12-04 18:27:44 (BaseJdbcLogger.java:165) <==        Row: 1571590224, 三星S9, 5, 3699.00, 1, 2018-12-04 17:41:45.0, chengjingming
TRACE [main] 2018-12-04 18:27:44 (BaseJdbcLogger.java:165) <==    Columns: orderPrice*goodsNumber
TRACE [main] 2018-12-04 18:27:44 (BaseJdbcLogger.java:165) <==        Row: 18495.00
TRACE [main] 2018-12-04 18:27:44 (BaseJdbcLogger.java:165) <==    Columns: goodsId, goodsName, goodsPrice, goodsNumber, date, local
TRACE [main] 2018-12-04 18:27:44 (BaseJdbcLogger.java:165) <==        Row: 5, 三星S9, 3699.00, 20, 2018-07-25, 

Samsung plant in China

TRACE [main] 2018-12-04 18:27:44 (BaseJdbcLogger.java:165) <==    Columns: orderId, goodsName, goodsNumber, orderPrice, iocationId, dateTime, orderUserName
TRACE [main] 2018-12-04 18:27:44 (BaseJdbcLogger.java:165) <==        Row: 1571590224, 三星S9, 5, 3699.00, 1, 2018-12-04 17:41:45.0, chengjingming
TRACE [main] 2018-12-04 18:28:34 (BaseJdbcLogger.java:165) <==    Columns: orderId, orderUserName, goodsName, orderPrice, goodsNumber, dateTime, iocationName, iocationPhone, iocation
TRACE [main] 2018-12-04 18:28:34 (BaseJdbcLogger.java:165) <==        Row: 1571590224, chengjingming, 三星S9, 3699.00, 5, 2018-12-04 17:41:45.0, 程井明, 15618816266, 昆山市玉山镇名仕大厦
TRACE [main] 2018-12-04 18:30:02 (BaseJdbcLogger.java:165) <==    Columns: goodsId, goodsName, goodsPrice, goodsNumber, date, local
TRACE [main] 2018-12-04 18:30:02 (BaseJdbcLogger.java:165) <==        Row: 2, 小米2, 1299.00, 50, 2018-12-04, Foxconn, Henan, China
TRACE [main] 2018-12-04 18:30:02 (BaseJdbcLogger.java:165) <==        Row: 3, 小米note, 1999.00, 30, 2018-09-19, Foxconn, Henan, China
TRACE [main] 2018-12-04 18:30:02 (BaseJdbcLogger.java:165) <==        Row: 5, 三星S9, 3699.00, 15, 2018-07-25, 

Samsung plant in China

